{"/Users/sung-yein/Workspace/open-source/pubm/src/cli.ts": {"path":"/Users/sung-yein/Workspace/open-source/pubm/src/cli.ts","all":false,"statementMap":{"0":{"start":{"line":1,"column":0},"end":{"line":1,"column":22}},"2":{"start":{"line":3,"column":0},"end":{"line":3,"column":28}},"3":{"start":{"line":4,"column":0},"end":{"line":4,"column":31}},"4":{"start":{"line":5,"column":0},"end":{"line":5,"column":42}},"5":{"start":{"line":6,"column":0},"end":{"line":6,"column":31}},"6":{"start":{"line":7,"column":0},"end":{"line":7,"column":34}},"7":{"start":{"line":8,"column":0},"end":{"line":8,"column":90}},"9":{"start":{"line":10,"column":0},"end":{"line":10,"column":65}},"10":{"start":{"line":11,"column":0},"end":{"line":11,"column":45}},"12":{"start":{"line":13,"column":0},"end":{"line":13,"column":40}},"33":{"start":{"line":34,"column":0},"end":{"line":34,"column":16}},"37":{"start":{"line":38,"column":0},"end":{"line":38,"column":7}},"38":{"start":{"line":39,"column":0},"end":{"line":39,"column":2}},"39":{"start":{"line":40,"column":0},"end":{"line":40,"column":36}},"40":{"start":{"line":41,"column":0},"end":{"line":41,"column":63}},"41":{"start":{"line":42,"column":0},"end":{"line":42,"column":45}},"42":{"start":{"line":43,"column":0},"end":{"line":43,"column":3}},"43":{"start":{"line":44,"column":0},"end":{"line":44,"column":2}},"44":{"start":{"line":45,"column":0},"end":{"line":45,"column":37}},"45":{"start":{"line":46,"column":0},"end":{"line":46,"column":63}},"46":{"start":{"line":47,"column":0},"end":{"line":47,"column":46}},"47":{"start":{"line":48,"column":0},"end":{"line":48,"column":3}},"48":{"start":{"line":49,"column":0},"end":{"line":49,"column":2}},"49":{"start":{"line":50,"column":0},"end":{"line":50,"column":27}},"50":{"start":{"line":51,"column":0},"end":{"line":51,"column":63}},"51":{"start":{"line":52,"column":0},"end":{"line":52,"column":29}},"52":{"start":{"line":53,"column":0},"end":{"line":53,"column":3}},"53":{"start":{"line":54,"column":0},"end":{"line":54,"column":2}},"54":{"start":{"line":55,"column":0},"end":{"line":55,"column":33}},"55":{"start":{"line":56,"column":0},"end":{"line":56,"column":44}},"56":{"start":{"line":57,"column":0},"end":{"line":57,"column":45}},"57":{"start":{"line":58,"column":0},"end":{"line":58,"column":3}},"58":{"start":{"line":59,"column":0},"end":{"line":59,"column":2}},"59":{"start":{"line":60,"column":0},"end":{"line":60,"column":30}},"60":{"start":{"line":61,"column":0},"end":{"line":61,"column":63}},"61":{"start":{"line":62,"column":0},"end":{"line":62,"column":29}},"62":{"start":{"line":63,"column":0},"end":{"line":63,"column":3}},"63":{"start":{"line":64,"column":0},"end":{"line":64,"column":2}},"64":{"start":{"line":65,"column":0},"end":{"line":65,"column":28}},"65":{"start":{"line":66,"column":0},"end":{"line":66,"column":47}},"66":{"start":{"line":67,"column":0},"end":{"line":67,"column":29}},"67":{"start":{"line":68,"column":0},"end":{"line":68,"column":3}},"68":{"start":{"line":69,"column":0},"end":{"line":69,"column":2}},"69":{"start":{"line":70,"column":0},"end":{"line":70,"column":34}},"70":{"start":{"line":71,"column":0},"end":{"line":71,"column":53}},"71":{"start":{"line":72,"column":0},"end":{"line":72,"column":29}},"72":{"start":{"line":73,"column":0},"end":{"line":73,"column":3}},"73":{"start":{"line":74,"column":0},"end":{"line":74,"column":2}},"74":{"start":{"line":75,"column":0},"end":{"line":75,"column":24}},"75":{"start":{"line":76,"column":0},"end":{"line":76,"column":54}},"76":{"start":{"line":77,"column":0},"end":{"line":77,"column":29}},"77":{"start":{"line":78,"column":0},"end":{"line":78,"column":3}},"78":{"start":{"line":79,"column":0},"end":{"line":79,"column":2}},"79":{"start":{"line":80,"column":0},"end":{"line":80,"column":24}},"80":{"start":{"line":81,"column":0},"end":{"line":81,"column":46}},"81":{"start":{"line":82,"column":0},"end":{"line":82,"column":29}},"82":{"start":{"line":83,"column":0},"end":{"line":83,"column":3}},"83":{"start":{"line":84,"column":0},"end":{"line":84,"column":2}},"84":{"start":{"line":85,"column":0},"end":{"line":85,"column":26}},"85":{"start":{"line":86,"column":0},"end":{"line":86,"column":38}},"86":{"start":{"line":87,"column":0},"end":{"line":87,"column":29}},"87":{"start":{"line":88,"column":0},"end":{"line":88,"column":3}},"88":{"start":{"line":89,"column":0},"end":{"line":89,"column":2}},"89":{"start":{"line":90,"column":0},"end":{"line":90,"column":32}},"90":{"start":{"line":91,"column":0},"end":{"line":91,"column":54}},"91":{"start":{"line":92,"column":0},"end":{"line":92,"column":29}},"92":{"start":{"line":93,"column":0},"end":{"line":93,"column":3}},"93":{"start":{"line":94,"column":0},"end":{"line":94,"column":2}},"94":{"start":{"line":95,"column":0},"end":{"line":95,"column":28}},"95":{"start":{"line":96,"column":0},"end":{"line":96,"column":54}},"96":{"start":{"line":97,"column":0},"end":{"line":97,"column":29}},"97":{"start":{"line":98,"column":0},"end":{"line":98,"column":3}},"98":{"start":{"line":99,"column":0},"end":{"line":99,"column":2}},"99":{"start":{"line":100,"column":0},"end":{"line":100,"column":30}},"100":{"start":{"line":101,"column":0},"end":{"line":101,"column":51}},"101":{"start":{"line":102,"column":0},"end":{"line":102,"column":47}},"102":{"start":{"line":103,"column":0},"end":{"line":103,"column":3}},"103":{"start":{"line":104,"column":0},"end":{"line":104,"column":2}},"104":{"start":{"line":105,"column":0},"end":{"line":105,"column":35}},"105":{"start":{"line":106,"column":0},"end":{"line":106,"column":41}},"106":{"start":{"line":107,"column":0},"end":{"line":107,"column":28}},"107":{"start":{"line":108,"column":0},"end":{"line":108,"column":3}},"108":{"start":{"line":109,"column":0},"end":{"line":109,"column":2}},"109":{"start":{"line":110,"column":0},"end":{"line":110,"column":29}},"110":{"start":{"line":111,"column":0},"end":{"line":111,"column":70}},"111":{"start":{"line":112,"column":0},"end":{"line":112,"column":29}},"112":{"start":{"line":113,"column":0},"end":{"line":113,"column":3}},"113":{"start":{"line":114,"column":0},"end":{"line":114,"column":2}},"114":{"start":{"line":115,"column":0},"end":{"line":115,"column":40}},"115":{"start":{"line":116,"column":0},"end":{"line":116,"column":14}},"116":{"start":{"line":117,"column":0},"end":{"line":117,"column":107}},"117":{"start":{"line":118,"column":0},"end":{"line":118,"column":48}},"118":{"start":{"line":119,"column":0},"end":{"line":119,"column":3}},"119":{"start":{"line":120,"column":0},"end":{"line":120,"column":2}},"121":{"start":{"line":122,"column":0},"end":{"line":122,"column":24}},"123":{"start":{"line":124,"column":0},"end":{"line":124,"column":31}},"125":{"start":{"line":126,"column":0},"end":{"line":126,"column":71}},"126":{"start":{"line":127,"column":0},"end":{"line":127,"column":1}},"128":{"start":{"line":129,"column":0},"end":{"line":129,"column":58}},"129":{"start":{"line":130,"column":0},"end":{"line":130,"column":9}},"130":{"start":{"line":131,"column":0},"end":{"line":131,"column":13}},"131":{"start":{"line":132,"column":0},"end":{"line":132,"column":32}},"132":{"start":{"line":133,"column":0},"end":{"line":133,"column":42}},"133":{"start":{"line":134,"column":0},"end":{"line":134,"column":28}},"134":{"start":{"line":135,"column":0},"end":{"line":135,"column":28}},"135":{"start":{"line":136,"column":0},"end":{"line":136,"column":43}},"136":{"start":{"line":137,"column":0},"end":{"line":137,"column":44}},"137":{"start":{"line":138,"column":0},"end":{"line":138,"column":47}},"138":{"start":{"line":139,"column":0},"end":{"line":139,"column":3}},"139":{"start":{"line":140,"column":0},"end":{"line":140,"column":1}},"141":{"start":{"line":142,"column":0},"end":{"line":142,"column":3}},"142":{"start":{"line":143,"column":0},"end":{"line":143,"column":22}},"143":{"start":{"line":144,"column":0},"end":{"line":144,"column":9}},"144":{"start":{"line":145,"column":0},"end":{"line":145,"column":9}},"145":{"start":{"line":146,"column":0},"end":{"line":146,"column":15}},"146":{"start":{"line":147,"column":0},"end":{"line":147,"column":40}},"147":{"start":{"line":148,"column":0},"end":{"line":148,"column":23}},"148":{"start":{"line":149,"column":0},"end":{"line":149,"column":19}},"150":{"start":{"line":151,"column":0},"end":{"line":151,"column":15}},"151":{"start":{"line":152,"column":0},"end":{"line":152,"column":29}},"152":{"start":{"line":153,"column":0},"end":{"line":153,"column":4}},"154":{"start":{"line":155,"column":0},"end":{"line":155,"column":20}},"155":{"start":{"line":156,"column":0},"end":{"line":156,"column":25}},"156":{"start":{"line":157,"column":0},"end":{"line":157,"column":21}},"157":{"start":{"line":158,"column":0},"end":{"line":158,"column":5}},"159":{"start":{"line":160,"column":0},"end":{"line":160,"column":8}},"160":{"start":{"line":161,"column":0},"end":{"line":161,"column":15}},"161":{"start":{"line":162,"column":0},"end":{"line":162,"column":31}},"162":{"start":{"line":163,"column":0},"end":{"line":163,"column":28}},"163":{"start":{"line":164,"column":0},"end":{"line":164,"column":62}},"165":{"start":{"line":166,"column":0},"end":{"line":166,"column":27}},"166":{"start":{"line":167,"column":0},"end":{"line":167,"column":23}},"167":{"start":{"line":168,"column":0},"end":{"line":168,"column":82}},"168":{"start":{"line":169,"column":0},"end":{"line":169,"column":9}},"169":{"start":{"line":170,"column":0},"end":{"line":170,"column":7}},"171":{"start":{"line":172,"column":0},"end":{"line":172,"column":34}},"172":{"start":{"line":173,"column":0},"end":{"line":173,"column":23}},"173":{"start":{"line":174,"column":0},"end":{"line":174,"column":94}},"174":{"start":{"line":175,"column":0},"end":{"line":175,"column":9}},"175":{"start":{"line":176,"column":0},"end":{"line":176,"column":7}},"177":{"start":{"line":178,"column":0},"end":{"line":178,"column":38}},"178":{"start":{"line":179,"column":0},"end":{"line":179,"column":13}},"179":{"start":{"line":180,"column":0},"end":{"line":180,"column":22}},"180":{"start":{"line":181,"column":0},"end":{"line":181,"column":97}},"181":{"start":{"line":182,"column":0},"end":{"line":182,"column":8}},"182":{"start":{"line":183,"column":0},"end":{"line":183,"column":6}},"183":{"start":{"line":184,"column":0},"end":{"line":184,"column":12}},"184":{"start":{"line":185,"column":0},"end":{"line":185,"column":58}},"185":{"start":{"line":186,"column":0},"end":{"line":186,"column":5}},"187":{"start":{"line":188,"column":0},"end":{"line":188,"column":15}},"188":{"start":{"line":189,"column":0},"end":{"line":189,"column":24}},"189":{"start":{"line":190,"column":0},"end":{"line":190,"column":17}},"190":{"start":{"line":191,"column":0},"end":{"line":191,"column":31}},"191":{"start":{"line":192,"column":0},"end":{"line":192,"column":23}},"192":{"start":{"line":193,"column":0},"end":{"line":193,"column":8}},"193":{"start":{"line":194,"column":0},"end":{"line":194,"column":6}},"194":{"start":{"line":195,"column":0},"end":{"line":195,"column":16}},"195":{"start":{"line":196,"column":0},"end":{"line":196,"column":29}},"196":{"start":{"line":197,"column":0},"end":{"line":197,"column":4}},"197":{"start":{"line":198,"column":0},"end":{"line":198,"column":4}},"198":{"start":{"line":199,"column":0},"end":{"line":199,"column":3}},"200":{"start":{"line":201,"column":0},"end":{"line":201,"column":30}},"201":{"start":{"line":202,"column":0},"end":{"line":202,"column":87}},"202":{"start":{"line":203,"column":0},"end":{"line":203,"column":23}},"203":{"start":{"line":204,"column":0},"end":{"line":204,"column":22}},"204":{"start":{"line":205,"column":0},"end":{"line":205,"column":73}},"205":{"start":{"line":206,"column":0},"end":{"line":206,"column":2}},"206":{"start":{"line":207,"column":0},"end":{"line":207,"column":31}},"207":{"start":{"line":208,"column":0},"end":{"line":208,"column":3}},"209":{"start":{"line":210,"column":0},"end":{"line":210,"column":14}},"210":{"start":{"line":211,"column":0},"end":{"line":211,"column":58}},"212":{"start":{"line":213,"column":0},"end":{"line":213,"column":13}},"213":{"start":{"line":214,"column":0},"end":{"line":214,"column":5}}},"s":{"0":1,"2":1,"3":1,"4":1,"5":1,"6":1,"7":1,"9":1,"10":1,"12":1,"33":1,"37":1,"38":1,"39":1,"40":1,"41":1,"42":1,"43":1,"44":1,"45":1,"46":1,"47":1,"48":1,"49":1,"50":1,"51":1,"52":1,"53":1,"54":1,"55":1,"56":1,"57":1,"58":1,"59":1,"60":1,"61":1,"62":1,"63":1,"64":1,"65":1,"66":1,"67":1,"68":1,"69":1,"70":1,"71":1,"72":1,"73":1,"74":1,"75":1,"76":1,"77":1,"78":1,"79":1,"80":1,"81":1,"82":1,"83":1,"84":1,"85":1,"86":1,"87":1,"88":1,"89":1,"90":1,"91":1,"92":1,"93":1,"94":1,"95":1,"96":1,"97":1,"98":1,"99":1,"100":1,"101":1,"102":1,"103":1,"104":1,"105":1,"106":1,"107":1,"108":1,"109":1,"110":1,"111":1,"112":1,"113":1,"114":1,"115":1,"116":1,"117":1,"118":1,"119":1,"121":1,"123":1,"125":16,"126":16,"128":14,"129":14,"130":14,"131":14,"132":14,"133":14,"134":14,"135":14,"136":14,"137":14,"138":14,"139":14,"141":1,"142":1,"143":1,"144":1,"145":20,"146":20,"147":20,"148":20,"150":20,"151":14,"152":14,"154":20,"155":20,"156":20,"157":20,"159":20,"160":20,"161":6,"162":3,"163":3,"165":3,"166":1,"167":1,"168":1,"169":1,"171":3,"172":1,"173":1,"174":1,"175":1,"177":1,"178":3,"179":3,"180":3,"181":3,"182":3,"183":20,"184":14,"185":13,"187":14,"188":14,"189":14,"190":14,"191":14,"192":14,"193":14,"194":20,"195":7,"196":7,"197":20,"198":1,"200":1,"201":5,"202":5,"203":5,"204":4,"205":4,"206":5,"207":5,"209":1,"210":1,"212":1,"213":1},"branchMap":{"0":{"type":"branch","line":124,"loc":{"start":{"line":124,"column":30},"end":{"line":127,"column":1}},"locations":[{"start":{"line":124,"column":30},"end":{"line":127,"column":1}}]},"1":{"type":"branch","line":129,"loc":{"start":{"line":129,"column":0},"end":{"line":140,"column":1}},"locations":[{"start":{"line":129,"column":0},"end":{"line":140,"column":1}}]},"2":{"type":"branch","line":136,"loc":{"start":{"line":136,"column":22},"end":{"line":136,"column":38}},"locations":[{"start":{"line":136,"column":22},"end":{"line":136,"column":38}}]},"3":{"type":"branch","line":145,"loc":{"start":{"line":145,"column":2},"end":{"line":198,"column":4}},"locations":[{"start":{"line":145,"column":2},"end":{"line":198,"column":4}}]},"4":{"type":"branch","line":151,"loc":{"start":{"line":151,"column":14},"end":{"line":153,"column":4}},"locations":[{"start":{"line":151,"column":14},"end":{"line":153,"column":4}}]},"5":{"type":"branch","line":161,"loc":{"start":{"line":161,"column":14},"end":{"line":184,"column":11}},"locations":[{"start":{"line":161,"column":14},"end":{"line":184,"column":11}}]},"6":{"type":"branch","line":162,"loc":{"start":{"line":162,"column":30},"end":{"line":183,"column":6}},"locations":[{"start":{"line":162,"column":30},"end":{"line":183,"column":6}}]},"7":{"type":"branch","line":164,"loc":{"start":{"line":164,"column":49},"end":{"line":164,"column":59}},"locations":[{"start":{"line":164,"column":49},"end":{"line":164,"column":59}}]},"8":{"type":"branch","line":166,"loc":{"start":{"line":166,"column":26},"end":{"line":170,"column":7}},"locations":[{"start":{"line":166,"column":26},"end":{"line":170,"column":7}}]},"9":{"type":"branch","line":170,"loc":{"start":{"line":170,"column":6},"end":{"line":172,"column":33}},"locations":[{"start":{"line":170,"column":6},"end":{"line":172,"column":33}}]},"10":{"type":"branch","line":172,"loc":{"start":{"line":172,"column":33},"end":{"line":179,"column":12}},"locations":[{"start":{"line":172,"column":33},"end":{"line":179,"column":12}}]},"11":{"type":"branch","line":184,"loc":{"start":{"line":184,"column":4},"end":{"line":194,"column":6}},"locations":[{"start":{"line":184,"column":4},"end":{"line":194,"column":6}}]},"12":{"type":"branch","line":185,"loc":{"start":{"line":185,"column":56},"end":{"line":186,"column":5}},"locations":[{"start":{"line":185,"column":56},"end":{"line":186,"column":5}}]},"13":{"type":"branch","line":194,"loc":{"start":{"line":194,"column":4},"end":{"line":195,"column":12}},"locations":[{"start":{"line":194,"column":4},"end":{"line":195,"column":12}}]},"14":{"type":"branch","line":195,"loc":{"start":{"line":195,"column":3},"end":{"line":197,"column":4}},"locations":[{"start":{"line":195,"column":3},"end":{"line":197,"column":4}}]},"15":{"type":"branch","line":201,"loc":{"start":{"line":201,"column":9},"end":{"line":208,"column":3}},"locations":[{"start":{"line":201,"column":9},"end":{"line":208,"column":3}}]},"16":{"type":"branch","line":204,"loc":{"start":{"line":204,"column":21},"end":{"line":206,"column":2}},"locations":[{"start":{"line":204,"column":21},"end":{"line":206,"column":2}}]},"17":{"type":"branch","line":210,"loc":{"start":{"line":210,"column":1},"end":{"line":214,"column":3}},"locations":[{"start":{"line":210,"column":1},"end":{"line":214,"column":3}}]}},"b":{"0":[16],"1":[14],"2":[1],"3":[20],"4":[14],"5":[6],"6":[3],"7":[2],"8":[1],"9":[2],"10":[1],"11":[14],"12":[13],"13":[13],"14":[7],"15":[5],"16":[4],"17":[1]},"fnMap":{"0":{"name":"resolveCliOptions","decl":{"start":{"line":129,"column":0},"end":{"line":140,"column":1}},"loc":{"start":{"line":129,"column":0},"end":{"line":140,"column":1}},"line":129}},"f":{"0":14}}
,"/Users/sung-yein/Workspace/open-source/pubm/src/error.ts": {"path":"/Users/sung-yein/Workspace/open-source/pubm/src/error.ts","all":false,"statementMap":{"0":{"start":{"line":1,"column":0},"end":{"line":1,"column":31}},"2":{"start":{"line":3,"column":0},"end":{"line":3,"column":42}},"3":{"start":{"line":4,"column":0},"end":{"line":4,"column":17}},"5":{"start":{"line":6,"column":0},"end":{"line":6,"column":68}},"7":{"start":{"line":8,"column":0},"end":{"line":8,"column":28}},"9":{"start":{"line":10,"column":0},"end":{"line":10,"column":21}},"10":{"start":{"line":11,"column":0},"end":{"line":11,"column":2}},"11":{"start":{"line":12,"column":0},"end":{"line":12,"column":1}},"13":{"start":{"line":14,"column":0},"end":{"line":14,"column":44}},"14":{"start":{"line":15,"column":0},"end":{"line":15,"column":71}},"15":{"start":{"line":16,"column":0},"end":{"line":16,"column":1}},"17":{"start":{"line":18,"column":0},"end":{"line":18,"column":61}},"18":{"start":{"line":19,"column":0},"end":{"line":19,"column":50}},"20":{"start":{"line":21,"column":0},"end":{"line":21,"column":16}},"21":{"start":{"line":22,"column":0},"end":{"line":22,"column":35}},"22":{"start":{"line":23,"column":0},"end":{"line":23,"column":31}},"25":{"start":{"line":26,"column":0},"end":{"line":26,"column":89}},"26":{"start":{"line":27,"column":0},"end":{"line":27,"column":30}},"27":{"start":{"line":28,"column":0},"end":{"line":28,"column":15}},"28":{"start":{"line":29,"column":0},"end":{"line":29,"column":11}},"29":{"start":{"line":30,"column":0},"end":{"line":30,"column":13}},"30":{"start":{"line":31,"column":0},"end":{"line":31,"column":34}},"31":{"start":{"line":32,"column":0},"end":{"line":32,"column":54}},"33":{"start":{"line":34,"column":0},"end":{"line":34,"column":19}},"34":{"start":{"line":35,"column":0},"end":{"line":35,"column":35}},"35":{"start":{"line":36,"column":0},"end":{"line":36,"column":62}},"36":{"start":{"line":37,"column":0},"end":{"line":37,"column":2}},"38":{"start":{"line":39,"column":0},"end":{"line":39,"column":23}},"39":{"start":{"line":40,"column":0},"end":{"line":40,"column":1}},"41":{"start":{"line":42,"column":0},"end":{"line":42,"column":59}},"42":{"start":{"line":43,"column":0},"end":{"line":43,"column":22}},"44":{"start":{"line":45,"column":0},"end":{"line":45,"column":33}},"45":{"start":{"line":46,"column":0},"end":{"line":46,"column":34}},"46":{"start":{"line":47,"column":0},"end":{"line":47,"column":37}},"47":{"start":{"line":48,"column":0},"end":{"line":48,"column":34}},"48":{"start":{"line":49,"column":0},"end":{"line":49,"column":9}},"49":{"start":{"line":50,"column":0},"end":{"line":50,"column":21}},"50":{"start":{"line":51,"column":0},"end":{"line":51,"column":2}},"52":{"start":{"line":53,"column":0},"end":{"line":53,"column":33}},"53":{"start":{"line":54,"column":0},"end":{"line":54,"column":1}}},"s":{"0":1,"2":1,"3":1,"5":1,"7":86,"9":86,"10":86,"11":1,"13":12,"14":12,"15":12,"17":9,"18":9,"20":9,"21":9,"22":9,"25":9,"26":9,"27":9,"28":9,"29":9,"30":9,"31":9,"33":9,"34":3,"35":3,"36":3,"38":9,"39":9,"41":1,"42":10,"44":10,"45":3,"46":10,"47":6,"48":7,"49":1,"50":1,"52":10,"53":10},"branchMap":{"0":{"type":"branch","line":4,"loc":{"start":{"line":4,"column":1},"end":{"line":4,"column":17}},"locations":[{"start":{"line":4,"column":1},"end":{"line":4,"column":17}}]},"1":{"type":"branch","line":6,"loc":{"start":{"line":6,"column":1},"end":{"line":11,"column":2}},"locations":[{"start":{"line":6,"column":1},"end":{"line":11,"column":2}}]},"2":{"type":"branch","line":14,"loc":{"start":{"line":14,"column":0},"end":{"line":16,"column":1}},"locations":[{"start":{"line":14,"column":0},"end":{"line":16,"column":1}}]},"3":{"type":"branch","line":18,"loc":{"start":{"line":18,"column":0},"end":{"line":40,"column":1}},"locations":[{"start":{"line":18,"column":0},"end":{"line":40,"column":1}}]},"4":{"type":"branch","line":19,"loc":{"start":{"line":19,"column":32},"end":{"line":19,"column":50}},"locations":[{"start":{"line":19,"column":32},"end":{"line":19,"column":50}}]},"5":{"type":"branch","line":23,"loc":{"start":{"line":23,"column":30},"end":{"line":24,"column":45}},"locations":[{"start":{"line":23,"column":30},"end":{"line":24,"column":45}}]},"6":{"type":"branch","line":34,"loc":{"start":{"line":34,"column":18},"end":{"line":37,"column":2}},"locations":[{"start":{"line":34,"column":18},"end":{"line":37,"column":2}}]},"7":{"type":"branch","line":42,"loc":{"start":{"line":42,"column":7},"end":{"line":54,"column":1}},"locations":[{"start":{"line":42,"column":7},"end":{"line":54,"column":1}}]},"8":{"type":"branch","line":45,"loc":{"start":{"line":45,"column":32},"end":{"line":47,"column":12}},"locations":[{"start":{"line":45,"column":32},"end":{"line":47,"column":12}}]},"9":{"type":"branch","line":47,"loc":{"start":{"line":47,"column":1},"end":{"line":51,"column":2}},"locations":[{"start":{"line":47,"column":1},"end":{"line":51,"column":2}}]},"10":{"type":"branch","line":47,"loc":{"start":{"line":47,"column":36},"end":{"line":49,"column":8}},"locations":[{"start":{"line":47,"column":36},"end":{"line":49,"column":8}}]},"11":{"type":"branch","line":49,"loc":{"start":{"line":49,"column":1},"end":{"line":51,"column":2}},"locations":[{"start":{"line":49,"column":1},"end":{"line":51,"column":2}}]}},"b":{"0":[86],"1":[86],"2":[12],"3":[9],"4":[0],"5":[0],"6":[3],"7":[10],"8":[3],"9":[7],"10":[6],"11":[1]},"fnMap":{"0":{"name":"<instance_members_initializer>","decl":{"start":{"line":4,"column":1},"end":{"line":4,"column":17}},"loc":{"start":{"line":4,"column":1},"end":{"line":4,"column":17}},"line":4},"1":{"name":"AbstractError","decl":{"start":{"line":6,"column":1},"end":{"line":11,"column":2}},"loc":{"start":{"line":6,"column":1},"end":{"line":11,"column":2}},"line":6},"2":{"name":"replaceCode","decl":{"start":{"line":14,"column":0},"end":{"line":16,"column":1}},"loc":{"start":{"line":14,"column":0},"end":{"line":16,"column":1}},"line":14},"3":{"name":"formatError","decl":{"start":{"line":18,"column":0},"end":{"line":40,"column":1}},"loc":{"start":{"line":18,"column":0},"end":{"line":40,"column":1}},"line":18},"4":{"name":"consoleError","decl":{"start":{"line":42,"column":7},"end":{"line":54,"column":1}},"loc":{"start":{"line":42,"column":7},"end":{"line":54,"column":1}},"line":42}},"f":{"0":86,"1":86,"2":12,"3":9,"4":10}}
,"/Users/sung-yein/Workspace/open-source/pubm/src/git.ts": {"path":"/Users/sung-yein/Workspace/open-source/pubm/src/git.ts","all":false,"statementMap":{"0":{"start":{"line":1,"column":0},"end":{"line":1,"column":28}},"4":{"start":{"line":5,"column":0},"end":{"line":5,"column":38}},"5":{"start":{"line":6,"column":0},"end":{"line":6,"column":20}},"6":{"start":{"line":7,"column":0},"end":{"line":7,"column":1}},"8":{"start":{"line":9,"column":0},"end":{"line":9,"column":18}},"9":{"start":{"line":10,"column":0},"end":{"line":10,"column":45}},"10":{"start":{"line":11,"column":0},"end":{"line":11,"column":53}},"12":{"start":{"line":13,"column":0},"end":{"line":13,"column":27}},"14":{"start":{"line":15,"column":0},"end":{"line":15,"column":16}},"15":{"start":{"line":16,"column":0},"end":{"line":16,"column":2}},"17":{"start":{"line":18,"column":0},"end":{"line":18,"column":36}},"18":{"start":{"line":19,"column":0},"end":{"line":19,"column":7}},"19":{"start":{"line":20,"column":0},"end":{"line":20,"column":68}},"20":{"start":{"line":21,"column":0},"end":{"line":21,"column":19}},"21":{"start":{"line":22,"column":0},"end":{"line":22,"column":69}},"22":{"start":{"line":23,"column":0},"end":{"line":23,"column":17}},"23":{"start":{"line":24,"column":0},"end":{"line":24,"column":6}},"24":{"start":{"line":25,"column":0},"end":{"line":25,"column":3}},"25":{"start":{"line":26,"column":0},"end":{"line":26,"column":2}},"27":{"start":{"line":28,"column":0},"end":{"line":28,"column":44}},"28":{"start":{"line":29,"column":0},"end":{"line":29,"column":7}},"29":{"start":{"line":30,"column":0},"end":{"line":30,"column":72}},"30":{"start":{"line":31,"column":0},"end":{"line":31,"column":11}},"31":{"start":{"line":32,"column":0},"end":{"line":32,"column":15}},"32":{"start":{"line":33,"column":0},"end":{"line":33,"column":3}},"33":{"start":{"line":34,"column":0},"end":{"line":34,"column":2}},"35":{"start":{"line":36,"column":0},"end":{"line":36,"column":34}},"36":{"start":{"line":37,"column":0},"end":{"line":37,"column":7}},"37":{"start":{"line":38,"column":0},"end":{"line":38,"column":41}},"38":{"start":{"line":39,"column":0},"end":{"line":39,"column":11}},"39":{"start":{"line":40,"column":0},"end":{"line":40,"column":16}},"40":{"start":{"line":41,"column":0},"end":{"line":41,"column":27}},"41":{"start":{"line":42,"column":0},"end":{"line":42,"column":37}},"42":{"start":{"line":43,"column":0},"end":{"line":43,"column":19}},"43":{"start":{"line":44,"column":0},"end":{"line":44,"column":69}},"44":{"start":{"line":45,"column":0},"end":{"line":45,"column":17}},"45":{"start":{"line":46,"column":0},"end":{"line":46,"column":6}},"46":{"start":{"line":47,"column":0},"end":{"line":47,"column":3}},"47":{"start":{"line":48,"column":0},"end":{"line":48,"column":2}},"49":{"start":{"line":50,"column":0},"end":{"line":50,"column":57}},"50":{"start":{"line":51,"column":0},"end":{"line":51,"column":7}},"51":{"start":{"line":52,"column":0},"end":{"line":52,"column":34}},"53":{"start":{"line":54,"column":0},"end":{"line":54,"column":64}},"54":{"start":{"line":55,"column":0},"end":{"line":55,"column":11}},"55":{"start":{"line":56,"column":0},"end":{"line":56,"column":15}},"56":{"start":{"line":57,"column":0},"end":{"line":57,"column":3}},"57":{"start":{"line":58,"column":0},"end":{"line":58,"column":2}},"59":{"start":{"line":60,"column":0},"end":{"line":60,"column":36}},"60":{"start":{"line":61,"column":0},"end":{"line":61,"column":7}},"61":{"start":{"line":62,"column":0},"end":{"line":62,"column":49}},"62":{"start":{"line":63,"column":0},"end":{"line":63,"column":19}},"63":{"start":{"line":64,"column":0},"end":{"line":64,"column":62}},"64":{"start":{"line":65,"column":0},"end":{"line":65,"column":17}},"65":{"start":{"line":66,"column":0},"end":{"line":66,"column":6}},"66":{"start":{"line":67,"column":0},"end":{"line":67,"column":3}},"67":{"start":{"line":68,"column":0},"end":{"line":68,"column":2}},"69":{"start":{"line":70,"column":0},"end":{"line":70,"column":34}},"70":{"start":{"line":71,"column":0},"end":{"line":71,"column":7}},"71":{"start":{"line":72,"column":0},"end":{"line":72,"column":29}},"73":{"start":{"line":74,"column":0},"end":{"line":74,"column":15}},"74":{"start":{"line":75,"column":0},"end":{"line":75,"column":19}},"75":{"start":{"line":76,"column":0},"end":{"line":76,"column":52}},"76":{"start":{"line":77,"column":0},"end":{"line":77,"column":17}},"77":{"start":{"line":78,"column":0},"end":{"line":78,"column":6}},"78":{"start":{"line":79,"column":0},"end":{"line":79,"column":3}},"79":{"start":{"line":80,"column":0},"end":{"line":80,"column":2}},"81":{"start":{"line":82,"column":0},"end":{"line":82,"column":33}},"82":{"start":{"line":83,"column":0},"end":{"line":83,"column":7}},"83":{"start":{"line":84,"column":0},"end":{"line":84,"column":28}},"85":{"start":{"line":86,"column":0},"end":{"line":86,"column":15}},"86":{"start":{"line":87,"column":0},"end":{"line":87,"column":19}},"87":{"start":{"line":88,"column":0},"end":{"line":88,"column":51}},"88":{"start":{"line":89,"column":0},"end":{"line":89,"column":17}},"89":{"start":{"line":90,"column":0},"end":{"line":90,"column":6}},"90":{"start":{"line":91,"column":0},"end":{"line":91,"column":3}},"91":{"start":{"line":92,"column":0},"end":{"line":92,"column":2}},"93":{"start":{"line":94,"column":0},"end":{"line":94,"column":46}},"94":{"start":{"line":95,"column":0},"end":{"line":95,"column":7}},"95":{"start":{"line":96,"column":0},"end":{"line":96,"column":26}},"96":{"start":{"line":97,"column":0},"end":{"line":97,"column":74}},"97":{"start":{"line":98,"column":0},"end":{"line":98,"column":5}},"98":{"start":{"line":99,"column":0},"end":{"line":99,"column":19}},"99":{"start":{"line":100,"column":0},"end":{"line":100,"column":22}},"100":{"start":{"line":101,"column":0},"end":{"line":101,"column":67}},"101":{"start":{"line":102,"column":0},"end":{"line":102,"column":21}},"102":{"start":{"line":103,"column":0},"end":{"line":103,"column":5}},"103":{"start":{"line":104,"column":0},"end":{"line":104,"column":3}},"104":{"start":{"line":105,"column":0},"end":{"line":105,"column":2}},"106":{"start":{"line":107,"column":0},"end":{"line":107,"column":34}},"107":{"start":{"line":108,"column":0},"end":{"line":108,"column":7}},"108":{"start":{"line":109,"column":0},"end":{"line":109,"column":61}},"109":{"start":{"line":110,"column":0},"end":{"line":110,"column":19}},"110":{"start":{"line":111,"column":0},"end":{"line":111,"column":65}},"111":{"start":{"line":112,"column":0},"end":{"line":112,"column":17}},"112":{"start":{"line":113,"column":0},"end":{"line":113,"column":6}},"113":{"start":{"line":114,"column":0},"end":{"line":114,"column":3}},"114":{"start":{"line":115,"column":0},"end":{"line":115,"column":2}},"116":{"start":{"line":117,"column":0},"end":{"line":117,"column":15}},"117":{"start":{"line":118,"column":0},"end":{"line":118,"column":18}},"118":{"start":{"line":119,"column":0},"end":{"line":119,"column":19}},"119":{"start":{"line":120,"column":0},"end":{"line":120,"column":48}},"120":{"start":{"line":121,"column":0},"end":{"line":121,"column":7}},"121":{"start":{"line":122,"column":0},"end":{"line":122,"column":32}},"122":{"start":{"line":123,"column":0},"end":{"line":123,"column":10}},"123":{"start":{"line":124,"column":0},"end":{"line":124,"column":31}},"124":{"start":{"line":125,"column":0},"end":{"line":125,"column":21}},"125":{"start":{"line":126,"column":0},"end":{"line":126,"column":6}},"127":{"start":{"line":128,"column":0},"end":{"line":128,"column":14}},"128":{"start":{"line":129,"column":0},"end":{"line":129,"column":16}},"129":{"start":{"line":130,"column":0},"end":{"line":130,"column":21}},"130":{"start":{"line":131,"column":0},"end":{"line":131,"column":67}},"131":{"start":{"line":132,"column":0},"end":{"line":132,"column":6}},"132":{"start":{"line":133,"column":0},"end":{"line":133,"column":19}},"133":{"start":{"line":134,"column":0},"end":{"line":134,"column":22}},"134":{"start":{"line":135,"column":0},"end":{"line":135,"column":74}},"135":{"start":{"line":136,"column":0},"end":{"line":136,"column":5}},"136":{"start":{"line":137,"column":0},"end":{"line":137,"column":18}},"137":{"start":{"line":138,"column":0},"end":{"line":138,"column":6}},"138":{"start":{"line":139,"column":0},"end":{"line":139,"column":5}},"139":{"start":{"line":140,"column":0},"end":{"line":140,"column":3}},"140":{"start":{"line":141,"column":0},"end":{"line":141,"column":2}},"142":{"start":{"line":143,"column":0},"end":{"line":143,"column":35}},"143":{"start":{"line":144,"column":0},"end":{"line":144,"column":7}},"144":{"start":{"line":145,"column":0},"end":{"line":145,"column":82}},"145":{"start":{"line":146,"column":0},"end":{"line":146,"column":19}},"146":{"start":{"line":147,"column":0},"end":{"line":147,"column":56}},"147":{"start":{"line":148,"column":0},"end":{"line":148,"column":17}},"148":{"start":{"line":149,"column":0},"end":{"line":149,"column":6}},"149":{"start":{"line":150,"column":0},"end":{"line":150,"column":3}},"150":{"start":{"line":151,"column":0},"end":{"line":151,"column":2}},"152":{"start":{"line":153,"column":0},"end":{"line":153,"column":34}},"153":{"start":{"line":154,"column":0},"end":{"line":154,"column":7}},"154":{"start":{"line":155,"column":0},"end":{"line":155,"column":73}},"155":{"start":{"line":156,"column":0},"end":{"line":156,"column":19}},"156":{"start":{"line":157,"column":0},"end":{"line":157,"column":74}},"157":{"start":{"line":158,"column":0},"end":{"line":158,"column":17}},"158":{"start":{"line":159,"column":0},"end":{"line":159,"column":6}},"159":{"start":{"line":160,"column":0},"end":{"line":160,"column":3}},"160":{"start":{"line":161,"column":0},"end":{"line":161,"column":2}},"162":{"start":{"line":163,"column":0},"end":{"line":163,"column":49}},"163":{"start":{"line":164,"column":0},"end":{"line":164,"column":7}},"164":{"start":{"line":165,"column":0},"end":{"line":165,"column":38}},"166":{"start":{"line":167,"column":0},"end":{"line":167,"column":15}},"167":{"start":{"line":168,"column":0},"end":{"line":168,"column":19}},"168":{"start":{"line":169,"column":0},"end":{"line":169,"column":65}},"169":{"start":{"line":170,"column":0},"end":{"line":170,"column":17}},"170":{"start":{"line":171,"column":0},"end":{"line":171,"column":6}},"171":{"start":{"line":172,"column":0},"end":{"line":172,"column":3}},"172":{"start":{"line":173,"column":0},"end":{"line":173,"column":2}},"174":{"start":{"line":175,"column":0},"end":{"line":175,"column":53}},"175":{"start":{"line":176,"column":0},"end":{"line":176,"column":7}},"176":{"start":{"line":177,"column":0},"end":{"line":177,"column":11}},"178":{"start":{"line":179,"column":0},"end":{"line":179,"column":72}},"179":{"start":{"line":180,"column":0},"end":{"line":180,"column":19}},"181":{"start":{"line":182,"column":0},"end":{"line":182,"column":19}},"182":{"start":{"line":183,"column":0},"end":{"line":183,"column":22}},"183":{"start":{"line":184,"column":0},"end":{"line":184,"column":67}},"184":{"start":{"line":185,"column":0},"end":{"line":185,"column":5}},"185":{"start":{"line":186,"column":0},"end":{"line":186,"column":18}},"186":{"start":{"line":187,"column":0},"end":{"line":187,"column":6}},"187":{"start":{"line":188,"column":0},"end":{"line":188,"column":5}},"188":{"start":{"line":189,"column":0},"end":{"line":189,"column":3}},"189":{"start":{"line":190,"column":0},"end":{"line":190,"column":2}},"191":{"start":{"line":192,"column":0},"end":{"line":192,"column":49}},"192":{"start":{"line":193,"column":0},"end":{"line":193,"column":7}},"193":{"start":{"line":194,"column":0},"end":{"line":194,"column":44}},"195":{"start":{"line":196,"column":0},"end":{"line":196,"column":15}},"196":{"start":{"line":197,"column":0},"end":{"line":197,"column":19}},"197":{"start":{"line":198,"column":0},"end":{"line":198,"column":68}},"198":{"start":{"line":199,"column":0},"end":{"line":199,"column":17}},"199":{"start":{"line":200,"column":0},"end":{"line":200,"column":6}},"200":{"start":{"line":201,"column":0},"end":{"line":201,"column":3}},"201":{"start":{"line":202,"column":0},"end":{"line":202,"column":2}},"203":{"start":{"line":204,"column":0},"end":{"line":204,"column":37}},"204":{"start":{"line":205,"column":0},"end":{"line":205,"column":7}},"205":{"start":{"line":206,"column":0},"end":{"line":206,"column":32}},"207":{"start":{"line":208,"column":0},"end":{"line":208,"column":15}},"208":{"start":{"line":209,"column":0},"end":{"line":209,"column":19}},"209":{"start":{"line":210,"column":0},"end":{"line":210,"column":52}},"210":{"start":{"line":211,"column":0},"end":{"line":211,"column":17}},"211":{"start":{"line":212,"column":0},"end":{"line":212,"column":6}},"212":{"start":{"line":213,"column":0},"end":{"line":213,"column":3}},"213":{"start":{"line":214,"column":0},"end":{"line":214,"column":2}},"215":{"start":{"line":216,"column":0},"end":{"line":216,"column":34}},"216":{"start":{"line":217,"column":0},"end":{"line":217,"column":7}},"217":{"start":{"line":218,"column":0},"end":{"line":218,"column":29}},"219":{"start":{"line":220,"column":0},"end":{"line":220,"column":15}},"220":{"start":{"line":221,"column":0},"end":{"line":221,"column":19}},"221":{"start":{"line":222,"column":0},"end":{"line":222,"column":52}},"222":{"start":{"line":223,"column":0},"end":{"line":223,"column":17}},"223":{"start":{"line":224,"column":0},"end":{"line":224,"column":6}},"224":{"start":{"line":225,"column":0},"end":{"line":225,"column":3}},"225":{"start":{"line":226,"column":0},"end":{"line":226,"column":2}},"227":{"start":{"line":228,"column":0},"end":{"line":228,"column":37}},"228":{"start":{"line":229,"column":0},"end":{"line":229,"column":7}},"229":{"start":{"line":230,"column":0},"end":{"line":230,"column":36}},"231":{"start":{"line":232,"column":0},"end":{"line":232,"column":15}},"232":{"start":{"line":233,"column":0},"end":{"line":233,"column":19}},"233":{"start":{"line":234,"column":0},"end":{"line":234,"column":56}},"234":{"start":{"line":235,"column":0},"end":{"line":235,"column":17}},"235":{"start":{"line":236,"column":0},"end":{"line":236,"column":6}},"236":{"start":{"line":237,"column":0},"end":{"line":237,"column":3}},"237":{"start":{"line":238,"column":0},"end":{"line":238,"column":2}},"239":{"start":{"line":240,"column":0},"end":{"line":240,"column":46}},"240":{"start":{"line":241,"column":0},"end":{"line":241,"column":7}},"241":{"start":{"line":242,"column":0},"end":{"line":242,"column":33}},"243":{"start":{"line":244,"column":0},"end":{"line":244,"column":15}},"244":{"start":{"line":245,"column":0},"end":{"line":245,"column":19}},"245":{"start":{"line":246,"column":0},"end":{"line":246,"column":60}},"246":{"start":{"line":247,"column":0},"end":{"line":247,"column":17}},"247":{"start":{"line":248,"column":0},"end":{"line":248,"column":6}},"248":{"start":{"line":249,"column":0},"end":{"line":249,"column":3}},"249":{"start":{"line":250,"column":0},"end":{"line":250,"column":2}},"251":{"start":{"line":252,"column":0},"end":{"line":252,"column":63}},"252":{"start":{"line":253,"column":0},"end":{"line":253,"column":67}},"254":{"start":{"line":255,"column":0},"end":{"line":255,"column":7}},"255":{"start":{"line":256,"column":0},"end":{"line":256,"column":24}},"257":{"start":{"line":258,"column":0},"end":{"line":258,"column":15}},"258":{"start":{"line":259,"column":0},"end":{"line":259,"column":19}},"259":{"start":{"line":260,"column":0},"end":{"line":260,"column":66}},"260":{"start":{"line":261,"column":0},"end":{"line":261,"column":17}},"261":{"start":{"line":262,"column":0},"end":{"line":262,"column":6}},"262":{"start":{"line":263,"column":0},"end":{"line":263,"column":3}},"263":{"start":{"line":264,"column":0},"end":{"line":264,"column":2}},"265":{"start":{"line":266,"column":0},"end":{"line":266,"column":40}},"266":{"start":{"line":267,"column":0},"end":{"line":267,"column":7}},"267":{"start":{"line":268,"column":0},"end":{"line":268,"column":57}},"268":{"start":{"line":269,"column":0},"end":{"line":269,"column":19}},"269":{"start":{"line":270,"column":0},"end":{"line":270,"column":61}},"270":{"start":{"line":271,"column":0},"end":{"line":271,"column":17}},"271":{"start":{"line":272,"column":0},"end":{"line":272,"column":6}},"272":{"start":{"line":273,"column":0},"end":{"line":273,"column":3}},"273":{"start":{"line":274,"column":0},"end":{"line":274,"column":2}},"275":{"start":{"line":276,"column":0},"end":{"line":276,"column":39}},"276":{"start":{"line":277,"column":0},"end":{"line":277,"column":7}},"277":{"start":{"line":278,"column":0},"end":{"line":278,"column":75}},"278":{"start":{"line":279,"column":0},"end":{"line":279,"column":19}},"279":{"start":{"line":280,"column":0},"end":{"line":280,"column":76}},"280":{"start":{"line":281,"column":0},"end":{"line":281,"column":17}},"281":{"start":{"line":282,"column":0},"end":{"line":282,"column":6}},"282":{"start":{"line":283,"column":0},"end":{"line":283,"column":3}},"283":{"start":{"line":284,"column":0},"end":{"line":284,"column":2}},"285":{"start":{"line":286,"column":0},"end":{"line":286,"column":49}},"286":{"start":{"line":287,"column":0},"end":{"line":287,"column":7}},"287":{"start":{"line":288,"column":0},"end":{"line":288,"column":45}},"289":{"start":{"line":290,"column":0},"end":{"line":290,"column":36}},"290":{"start":{"line":291,"column":0},"end":{"line":291,"column":19}},"291":{"start":{"line":292,"column":0},"end":{"line":292,"column":69}},"292":{"start":{"line":293,"column":0},"end":{"line":293,"column":17}},"293":{"start":{"line":294,"column":0},"end":{"line":294,"column":6}},"294":{"start":{"line":295,"column":0},"end":{"line":295,"column":3}},"295":{"start":{"line":296,"column":0},"end":{"line":296,"column":2}},"297":{"start":{"line":298,"column":0},"end":{"line":298,"column":38}},"298":{"start":{"line":299,"column":0},"end":{"line":299,"column":7}},"299":{"start":{"line":300,"column":0},"end":{"line":300,"column":67}},"300":{"start":{"line":301,"column":0},"end":{"line":301,"column":19}},"301":{"start":{"line":302,"column":0},"end":{"line":302,"column":68}},"302":{"start":{"line":303,"column":0},"end":{"line":303,"column":17}},"303":{"start":{"line":304,"column":0},"end":{"line":304,"column":6}},"304":{"start":{"line":305,"column":0},"end":{"line":305,"column":3}},"305":{"start":{"line":306,"column":0},"end":{"line":306,"column":2}},"307":{"start":{"line":308,"column":0},"end":{"line":308,"column":69}},"308":{"start":{"line":309,"column":0},"end":{"line":309,"column":68}},"310":{"start":{"line":311,"column":0},"end":{"line":311,"column":7}},"311":{"start":{"line":312,"column":0},"end":{"line":312,"column":24}},"313":{"start":{"line":314,"column":0},"end":{"line":314,"column":15}},"314":{"start":{"line":315,"column":0},"end":{"line":315,"column":19}},"315":{"start":{"line":316,"column":0},"end":{"line":316,"column":66}},"316":{"start":{"line":317,"column":0},"end":{"line":317,"column":17}},"317":{"start":{"line":318,"column":0},"end":{"line":318,"column":6}},"318":{"start":{"line":319,"column":0},"end":{"line":319,"column":3}},"319":{"start":{"line":320,"column":0},"end":{"line":320,"column":2}},"321":{"start":{"line":322,"column":0},"end":{"line":322,"column":49}},"322":{"start":{"line":323,"column":0},"end":{"line":323,"column":62}},"324":{"start":{"line":325,"column":0},"end":{"line":325,"column":7}},"325":{"start":{"line":326,"column":0},"end":{"line":326,"column":70}},"327":{"start":{"line":328,"column":0},"end":{"line":328,"column":39}},"328":{"start":{"line":329,"column":0},"end":{"line":329,"column":17}},"329":{"start":{"line":330,"column":0},"end":{"line":330,"column":4}},"331":{"start":{"line":332,"column":0},"end":{"line":332,"column":15}},"332":{"start":{"line":333,"column":0},"end":{"line":333,"column":19}},"333":{"start":{"line":334,"column":0},"end":{"line":334,"column":38}},"334":{"start":{"line":335,"column":0},"end":{"line":335,"column":17}},"335":{"start":{"line":336,"column":0},"end":{"line":336,"column":4}},"337":{"start":{"line":338,"column":0},"end":{"line":338,"column":66}},"338":{"start":{"line":339,"column":0},"end":{"line":339,"column":17}},"339":{"start":{"line":340,"column":0},"end":{"line":340,"column":6}},"340":{"start":{"line":341,"column":0},"end":{"line":341,"column":3}},"341":{"start":{"line":342,"column":0},"end":{"line":342,"column":2}},"342":{"start":{"line":343,"column":0},"end":{"line":343,"column":1}}},"s":{"0":1,"4":1,"5":1,"6":1,"8":1,"9":1,"10":68,"12":68,"14":42,"15":68,"17":1,"18":2,"19":2,"20":1,"21":1,"22":1,"23":1,"24":1,"25":2,"27":1,"28":2,"29":2,"30":1,"31":1,"32":1,"33":2,"35":1,"36":8,"37":8,"38":6,"39":6,"40":6,"41":6,"42":8,"43":2,"44":2,"45":2,"46":2,"47":8,"49":1,"50":5,"51":5,"53":5,"54":5,"55":1,"56":1,"57":5,"59":1,"60":2,"61":2,"62":2,"63":1,"64":1,"65":1,"66":1,"67":2,"69":1,"70":2,"71":2,"73":1,"74":1,"75":1,"76":1,"77":1,"78":1,"79":2,"81":1,"82":2,"83":2,"85":1,"86":1,"87":1,"88":1,"89":1,"90":1,"91":2,"93":1,"94":3,"95":3,"96":3,"97":2,"98":3,"99":1,"100":1,"101":1,"102":1,"103":1,"104":3,"106":1,"107":3,"108":3,"109":3,"110":1,"111":1,"112":1,"113":1,"114":3,"116":1,"117":4,"118":4,"119":4,"120":4,"121":4,"122":4,"123":4,"124":4,"125":4,"127":3,"128":3,"129":3,"130":7,"131":3,"132":4,"133":1,"134":1,"135":1,"136":1,"137":1,"138":1,"139":1,"140":4,"142":1,"143":3,"144":3,"145":3,"146":1,"147":1,"148":1,"149":1,"150":3,"152":1,"153":2,"154":2,"155":1,"156":1,"157":1,"158":1,"159":1,"160":2,"162":1,"163":2,"164":2,"166":1,"167":1,"168":1,"169":1,"170":1,"171":1,"172":2,"174":1,"175":3,"176":3,"178":3,"179":2,"181":3,"182":1,"183":1,"184":1,"185":1,"186":1,"187":1,"188":1,"189":3,"191":1,"192":2,"193":2,"195":1,"196":1,"197":1,"198":1,"199":1,"200":1,"201":2,"203":1,"204":2,"205":2,"207":1,"208":1,"209":1,"210":1,"211":1,"212":1,"213":2,"215":1,"216":2,"217":2,"219":1,"220":1,"221":1,"222":1,"223":1,"224":1,"225":2,"227":1,"228":2,"229":2,"231":1,"232":1,"233":1,"234":1,"235":1,"236":1,"237":2,"239":1,"240":2,"241":2,"243":1,"244":1,"245":1,"246":1,"247":1,"248":1,"249":2,"251":1,"252":5,"254":5,"255":5,"257":4,"258":5,"259":1,"260":1,"261":1,"262":1,"263":5,"265":1,"266":3,"267":3,"268":3,"269":1,"270":1,"271":1,"272":1,"273":3,"275":1,"276":2,"277":2,"278":1,"279":1,"280":1,"281":1,"282":1,"283":2,"285":1,"286":2,"287":2,"289":1,"290":1,"291":1,"292":1,"293":1,"294":1,"295":2,"297":1,"298":2,"299":2,"300":1,"301":1,"302":1,"303":1,"304":1,"305":2,"307":1,"308":4,"310":4,"311":4,"313":3,"314":4,"315":1,"316":1,"317":1,"318":1,"319":4,"321":1,"322":7,"324":7,"325":7,"327":7,"328":1,"329":1,"331":3,"332":3,"333":3,"334":1,"335":1,"337":2,"338":2,"339":2,"340":2,"341":7,"342":1},"branchMap":{"0":{"type":"branch","line":6,"loc":{"start":{"line":6,"column":1},"end":{"line":6,"column":20}},"locations":[{"start":{"line":6,"column":1},"end":{"line":6,"column":20}}]},"1":{"type":"branch","line":10,"loc":{"start":{"line":10,"column":1},"end":{"line":16,"column":2}},"locations":[{"start":{"line":10,"column":1},"end":{"line":16,"column":2}}]},"2":{"type":"branch","line":13,"loc":{"start":{"line":13,"column":14},"end":{"line":13,"column":27}},"locations":[{"start":{"line":13,"column":14},"end":{"line":13,"column":27}}]},"3":{"type":"branch","line":13,"loc":{"start":{"line":13,"column":20},"end":{"line":15,"column":16}},"locations":[{"start":{"line":13,"column":20},"end":{"line":15,"column":16}}]},"4":{"type":"branch","line":18,"loc":{"start":{"line":18,"column":1},"end":{"line":26,"column":2}},"locations":[{"start":{"line":18,"column":1},"end":{"line":26,"column":2}}]},"5":{"type":"branch","line":20,"loc":{"start":{"line":20,"column":58},"end":{"line":25,"column":3}},"locations":[{"start":{"line":20,"column":58},"end":{"line":25,"column":3}}]},"6":{"type":"branch","line":28,"loc":{"start":{"line":28,"column":1},"end":{"line":34,"column":2}},"locations":[{"start":{"line":28,"column":1},"end":{"line":34,"column":2}}]},"7":{"type":"branch","line":30,"loc":{"start":{"line":30,"column":62},"end":{"line":33,"column":3}},"locations":[{"start":{"line":30,"column":62},"end":{"line":33,"column":3}}]},"8":{"type":"branch","line":36,"loc":{"start":{"line":36,"column":1},"end":{"line":48,"column":2}},"locations":[{"start":{"line":36,"column":1},"end":{"line":48,"column":2}}]},"9":{"type":"branch","line":38,"loc":{"start":{"line":38,"column":39},"end":{"line":43,"column":11}},"locations":[{"start":{"line":38,"column":39},"end":{"line":43,"column":11}}]},"10":{"type":"branch","line":43,"loc":{"start":{"line":43,"column":2},"end":{"line":47,"column":3}},"locations":[{"start":{"line":43,"column":2},"end":{"line":47,"column":3}}]},"11":{"type":"branch","line":41,"loc":{"start":{"line":41,"column":9},"end":{"line":41,"column":26}},"locations":[{"start":{"line":41,"column":9},"end":{"line":41,"column":26}}]},"12":{"type":"branch","line":50,"loc":{"start":{"line":50,"column":1},"end":{"line":58,"column":2}},"locations":[{"start":{"line":50,"column":1},"end":{"line":58,"column":2}}]},"13":{"type":"branch","line":52,"loc":{"start":{"line":52,"column":32},"end":{"line":54,"column":59}},"locations":[{"start":{"line":52,"column":32},"end":{"line":54,"column":59}}]},"14":{"type":"branch","line":54,"loc":{"start":{"line":54,"column":54},"end":{"line":54,"column":64}},"locations":[{"start":{"line":54,"column":54},"end":{"line":54,"column":64}}]},"15":{"type":"branch","line":55,"loc":{"start":{"line":55,"column":2},"end":{"line":57,"column":3}},"locations":[{"start":{"line":55,"column":2},"end":{"line":57,"column":3}}]},"16":{"type":"branch","line":54,"loc":{"start":{"line":54,"column":33},"end":{"line":54,"column":49}},"locations":[{"start":{"line":54,"column":33},"end":{"line":54,"column":49}}]},"17":{"type":"branch","line":60,"loc":{"start":{"line":60,"column":1},"end":{"line":68,"column":2}},"locations":[{"start":{"line":60,"column":1},"end":{"line":68,"column":2}}]},"18":{"type":"branch","line":63,"loc":{"start":{"line":63,"column":2},"end":{"line":67,"column":3}},"locations":[{"start":{"line":63,"column":2},"end":{"line":67,"column":3}}]},"19":{"type":"branch","line":70,"loc":{"start":{"line":70,"column":1},"end":{"line":80,"column":2}},"locations":[{"start":{"line":70,"column":1},"end":{"line":80,"column":2}}]},"20":{"type":"branch","line":72,"loc":{"start":{"line":72,"column":27},"end":{"line":79,"column":3}},"locations":[{"start":{"line":72,"column":27},"end":{"line":79,"column":3}}]},"21":{"type":"branch","line":82,"loc":{"start":{"line":82,"column":1},"end":{"line":92,"column":2}},"locations":[{"start":{"line":82,"column":1},"end":{"line":92,"column":2}}]},"22":{"type":"branch","line":84,"loc":{"start":{"line":84,"column":26},"end":{"line":91,"column":3}},"locations":[{"start":{"line":84,"column":26},"end":{"line":91,"column":3}}]},"23":{"type":"branch","line":94,"loc":{"start":{"line":94,"column":1},"end":{"line":105,"column":2}},"locations":[{"start":{"line":94,"column":1},"end":{"line":105,"column":2}}]},"24":{"type":"branch","line":97,"loc":{"start":{"line":97,"column":72},"end":{"line":99,"column":11}},"locations":[{"start":{"line":97,"column":72},"end":{"line":99,"column":11}}]},"25":{"type":"branch","line":99,"loc":{"start":{"line":99,"column":2},"end":{"line":104,"column":3}},"locations":[{"start":{"line":99,"column":2},"end":{"line":104,"column":3}}]},"26":{"type":"branch","line":107,"loc":{"start":{"line":107,"column":1},"end":{"line":115,"column":2}},"locations":[{"start":{"line":107,"column":1},"end":{"line":115,"column":2}}]},"27":{"type":"branch","line":109,"loc":{"start":{"line":109,"column":51},"end":{"line":110,"column":11}},"locations":[{"start":{"line":109,"column":51},"end":{"line":110,"column":11}}]},"28":{"type":"branch","line":110,"loc":{"start":{"line":110,"column":2},"end":{"line":114,"column":3}},"locations":[{"start":{"line":110,"column":2},"end":{"line":114,"column":3}}]},"29":{"type":"branch","line":117,"loc":{"start":{"line":117,"column":1},"end":{"line":141,"column":2}},"locations":[{"start":{"line":117,"column":1},"end":{"line":141,"column":2}}]},"30":{"type":"branch","line":126,"loc":{"start":{"line":126,"column":4},"end":{"line":133,"column":11}},"locations":[{"start":{"line":126,"column":4},"end":{"line":133,"column":11}}]},"31":{"type":"branch","line":133,"loc":{"start":{"line":133,"column":2},"end":{"line":140,"column":3}},"locations":[{"start":{"line":133,"column":2},"end":{"line":140,"column":3}}]},"32":{"type":"branch","line":130,"loc":{"start":{"line":130,"column":13},"end":{"line":131,"column":67}},"locations":[{"start":{"line":130,"column":13},"end":{"line":131,"column":67}}]},"33":{"type":"branch","line":131,"loc":{"start":{"line":131,"column":5},"end":{"line":131,"column":64}},"locations":[{"start":{"line":131,"column":5},"end":{"line":131,"column":64}}]},"34":{"type":"branch","line":131,"loc":{"start":{"line":131,"column":60},"end":{"line":131,"column":67}},"locations":[{"start":{"line":131,"column":60},"end":{"line":131,"column":67}}]},"35":{"type":"branch","line":143,"loc":{"start":{"line":143,"column":1},"end":{"line":151,"column":2}},"locations":[{"start":{"line":143,"column":1},"end":{"line":151,"column":2}}]},"36":{"type":"branch","line":145,"loc":{"start":{"line":145,"column":42},"end":{"line":145,"column":77}},"locations":[{"start":{"line":145,"column":42},"end":{"line":145,"column":77}}]},"37":{"type":"branch","line":145,"loc":{"start":{"line":145,"column":73},"end":{"line":145,"column":79}},"locations":[{"start":{"line":145,"column":73},"end":{"line":145,"column":79}}]},"38":{"type":"branch","line":146,"loc":{"start":{"line":146,"column":2},"end":{"line":150,"column":3}},"locations":[{"start":{"line":146,"column":2},"end":{"line":150,"column":3}}]},"39":{"type":"branch","line":153,"loc":{"start":{"line":153,"column":1},"end":{"line":161,"column":2}},"locations":[{"start":{"line":153,"column":1},"end":{"line":161,"column":2}}]},"40":{"type":"branch","line":155,"loc":{"start":{"line":155,"column":63},"end":{"line":160,"column":3}},"locations":[{"start":{"line":155,"column":63},"end":{"line":160,"column":3}}]},"41":{"type":"branch","line":163,"loc":{"start":{"line":163,"column":1},"end":{"line":173,"column":2}},"locations":[{"start":{"line":163,"column":1},"end":{"line":173,"column":2}}]},"42":{"type":"branch","line":165,"loc":{"start":{"line":165,"column":36},"end":{"line":172,"column":3}},"locations":[{"start":{"line":165,"column":36},"end":{"line":172,"column":3}}]},"43":{"type":"branch","line":175,"loc":{"start":{"line":175,"column":1},"end":{"line":190,"column":2}},"locations":[{"start":{"line":175,"column":1},"end":{"line":190,"column":2}}]},"44":{"type":"branch","line":179,"loc":{"start":{"line":179,"column":71},"end":{"line":182,"column":11}},"locations":[{"start":{"line":179,"column":71},"end":{"line":182,"column":11}}]},"45":{"type":"branch","line":182,"loc":{"start":{"line":182,"column":2},"end":{"line":189,"column":3}},"locations":[{"start":{"line":182,"column":2},"end":{"line":189,"column":3}}]},"46":{"type":"branch","line":192,"loc":{"start":{"line":192,"column":1},"end":{"line":202,"column":2}},"locations":[{"start":{"line":192,"column":1},"end":{"line":202,"column":2}}]},"47":{"type":"branch","line":194,"loc":{"start":{"line":194,"column":42},"end":{"line":201,"column":3}},"locations":[{"start":{"line":194,"column":42},"end":{"line":201,"column":3}}]},"48":{"type":"branch","line":204,"loc":{"start":{"line":204,"column":1},"end":{"line":214,"column":2}},"locations":[{"start":{"line":204,"column":1},"end":{"line":214,"column":2}}]},"49":{"type":"branch","line":206,"loc":{"start":{"line":206,"column":30},"end":{"line":213,"column":3}},"locations":[{"start":{"line":206,"column":30},"end":{"line":213,"column":3}}]},"50":{"type":"branch","line":216,"loc":{"start":{"line":216,"column":1},"end":{"line":226,"column":2}},"locations":[{"start":{"line":216,"column":1},"end":{"line":226,"column":2}}]},"51":{"type":"branch","line":218,"loc":{"start":{"line":218,"column":27},"end":{"line":225,"column":3}},"locations":[{"start":{"line":218,"column":27},"end":{"line":225,"column":3}}]},"52":{"type":"branch","line":228,"loc":{"start":{"line":228,"column":1},"end":{"line":238,"column":2}},"locations":[{"start":{"line":228,"column":1},"end":{"line":238,"column":2}}]},"53":{"type":"branch","line":230,"loc":{"start":{"line":230,"column":34},"end":{"line":237,"column":3}},"locations":[{"start":{"line":230,"column":34},"end":{"line":237,"column":3}}]},"54":{"type":"branch","line":240,"loc":{"start":{"line":240,"column":1},"end":{"line":250,"column":2}},"locations":[{"start":{"line":240,"column":1},"end":{"line":250,"column":2}}]},"55":{"type":"branch","line":242,"loc":{"start":{"line":242,"column":31},"end":{"line":249,"column":3}},"locations":[{"start":{"line":242,"column":31},"end":{"line":249,"column":3}}]},"56":{"type":"branch","line":252,"loc":{"start":{"line":252,"column":1},"end":{"line":264,"column":2}},"locations":[{"start":{"line":252,"column":1},"end":{"line":264,"column":2}}]},"57":{"type":"branch","line":256,"loc":{"start":{"line":256,"column":22},"end":{"line":259,"column":11}},"locations":[{"start":{"line":256,"column":22},"end":{"line":259,"column":11}}]},"58":{"type":"branch","line":259,"loc":{"start":{"line":259,"column":2},"end":{"line":263,"column":3}},"locations":[{"start":{"line":259,"column":2},"end":{"line":263,"column":3}}]},"59":{"type":"branch","line":253,"loc":{"start":{"line":253,"column":45},"end":{"line":253,"column":53}},"locations":[{"start":{"line":253,"column":45},"end":{"line":253,"column":53}}]},"60":{"type":"branch","line":266,"loc":{"start":{"line":266,"column":1},"end":{"line":274,"column":2}},"locations":[{"start":{"line":266,"column":1},"end":{"line":274,"column":2}}]},"61":{"type":"branch","line":268,"loc":{"start":{"line":268,"column":47},"end":{"line":269,"column":11}},"locations":[{"start":{"line":268,"column":47},"end":{"line":269,"column":11}}]},"62":{"type":"branch","line":269,"loc":{"start":{"line":269,"column":2},"end":{"line":273,"column":3}},"locations":[{"start":{"line":269,"column":2},"end":{"line":273,"column":3}}]},"63":{"type":"branch","line":276,"loc":{"start":{"line":276,"column":1},"end":{"line":284,"column":2}},"locations":[{"start":{"line":276,"column":1},"end":{"line":284,"column":2}}]},"64":{"type":"branch","line":278,"loc":{"start":{"line":278,"column":65},"end":{"line":283,"column":3}},"locations":[{"start":{"line":278,"column":65},"end":{"line":283,"column":3}}]},"65":{"type":"branch","line":286,"loc":{"start":{"line":286,"column":1},"end":{"line":296,"column":2}},"locations":[{"start":{"line":286,"column":1},"end":{"line":296,"column":2}}]},"66":{"type":"branch","line":288,"loc":{"start":{"line":288,"column":43},"end":{"line":295,"column":3}},"locations":[{"start":{"line":288,"column":43},"end":{"line":295,"column":3}}]},"67":{"type":"branch","line":298,"loc":{"start":{"line":298,"column":1},"end":{"line":306,"column":2}},"locations":[{"start":{"line":298,"column":1},"end":{"line":306,"column":2}}]},"68":{"type":"branch","line":300,"loc":{"start":{"line":300,"column":57},"end":{"line":305,"column":3}},"locations":[{"start":{"line":300,"column":57},"end":{"line":305,"column":3}}]},"69":{"type":"branch","line":308,"loc":{"start":{"line":308,"column":1},"end":{"line":320,"column":2}},"locations":[{"start":{"line":308,"column":1},"end":{"line":320,"column":2}}]},"70":{"type":"branch","line":312,"loc":{"start":{"line":312,"column":22},"end":{"line":315,"column":11}},"locations":[{"start":{"line":312,"column":22},"end":{"line":315,"column":11}}]},"71":{"type":"branch","line":315,"loc":{"start":{"line":315,"column":2},"end":{"line":319,"column":3}},"locations":[{"start":{"line":315,"column":2},"end":{"line":319,"column":3}}]},"72":{"type":"branch","line":309,"loc":{"start":{"line":309,"column":46},"end":{"line":309,"column":54}},"locations":[{"start":{"line":309,"column":46},"end":{"line":309,"column":54}}]},"73":{"type":"branch","line":322,"loc":{"start":{"line":322,"column":1},"end":{"line":342,"column":2}},"locations":[{"start":{"line":322,"column":1},"end":{"line":342,"column":2}}]},"74":{"type":"branch","line":326,"loc":{"start":{"line":326,"column":68},"end":{"line":328,"column":38}},"locations":[{"start":{"line":326,"column":68},"end":{"line":328,"column":38}}]},"75":{"type":"branch","line":328,"loc":{"start":{"line":328,"column":38},"end":{"line":330,"column":4}},"locations":[{"start":{"line":328,"column":38},"end":{"line":330,"column":4}}]},"76":{"type":"branch","line":330,"loc":{"start":{"line":330,"column":3},"end":{"line":341,"column":3}},"locations":[{"start":{"line":330,"column":3},"end":{"line":341,"column":3}}]},"77":{"type":"branch","line":334,"loc":{"start":{"line":334,"column":37},"end":{"line":336,"column":4}},"locations":[{"start":{"line":334,"column":37},"end":{"line":336,"column":4}}]},"78":{"type":"branch","line":336,"loc":{"start":{"line":336,"column":3},"end":{"line":341,"column":3}},"locations":[{"start":{"line":336,"column":3},"end":{"line":341,"column":3}}]},"79":{"type":"branch","line":323,"loc":{"start":{"line":323,"column":40},"end":{"line":323,"column":48}},"locations":[{"start":{"line":323,"column":40},"end":{"line":323,"column":48}}]}},"b":{"0":[26],"1":[68],"2":[26],"3":[42],"4":[2],"5":[1],"6":[2],"7":[1],"8":[8],"9":[6],"10":[2],"11":[13],"12":[5],"13":[4],"14":[1],"15":[1],"16":[6],"17":[2],"18":[1],"19":[2],"20":[1],"21":[2],"22":[1],"23":[3],"24":[2],"25":[1],"26":[3],"27":[2],"28":[1],"29":[4],"30":[3],"31":[1],"32":[7],"33":[3],"34":[4],"35":[3],"36":[2],"37":[1],"38":[1],"39":[2],"40":[1],"41":[2],"42":[1],"43":[3],"44":[2],"45":[1],"46":[2],"47":[1],"48":[2],"49":[1],"50":[2],"51":[1],"52":[2],"53":[1],"54":[2],"55":[1],"56":[5],"57":[4],"58":[1],"59":[15],"60":[3],"61":[2],"62":[1],"63":[2],"64":[1],"65":[2],"66":[1],"67":[2],"68":[1],"69":[4],"70":[3],"71":[1],"72":[12],"73":[7],"74":[4],"75":[1],"76":[3],"77":[1],"78":[2],"79":[14]},"fnMap":{"0":{"name":"<instance_members_initializer>","decl":{"start":{"line":6,"column":1},"end":{"line":6,"column":20}},"loc":{"start":{"line":6,"column":1},"end":{"line":6,"column":20}},"line":6},"1":{"name":"git","decl":{"start":{"line":10,"column":1},"end":{"line":16,"column":2}},"loc":{"start":{"line":10,"column":1},"end":{"line":16,"column":2}},"line":10},"2":{"name":"userName","decl":{"start":{"line":18,"column":1},"end":{"line":26,"column":2}},"loc":{"start":{"line":18,"column":1},"end":{"line":26,"column":2}},"line":18},"3":{"name":"latestTag","decl":{"start":{"line":28,"column":1},"end":{"line":34,"column":2}},"loc":{"start":{"line":28,"column":1},"end":{"line":34,"column":2}},"line":28},"4":{"name":"tags","decl":{"start":{"line":36,"column":1},"end":{"line":48,"column":2}},"loc":{"start":{"line":36,"column":1},"end":{"line":48,"column":2}},"line":36},"5":{"name":"previousTag","decl":{"start":{"line":50,"column":1},"end":{"line":58,"column":2}},"loc":{"start":{"line":50,"column":1},"end":{"line":58,"column":2}},"line":50},"6":{"name":"dryFetch","decl":{"start":{"line":60,"column":1},"end":{"line":68,"column":2}},"loc":{"start":{"line":60,"column":1},"end":{"line":68,"column":2}},"line":60},"7":{"name":"fetch","decl":{"start":{"line":70,"column":1},"end":{"line":80,"column":2}},"loc":{"start":{"line":70,"column":1},"end":{"line":80,"column":2}},"line":70},"8":{"name":"pull","decl":{"start":{"line":82,"column":1},"end":{"line":92,"column":2}},"loc":{"start":{"line":82,"column":1},"end":{"line":92,"column":2}},"line":82},"9":{"name":"revisionDiffsCount","decl":{"start":{"line":94,"column":1},"end":{"line":105,"column":2}},"loc":{"start":{"line":94,"column":1},"end":{"line":105,"column":2}},"line":94},"10":{"name":"status","decl":{"start":{"line":107,"column":1},"end":{"line":115,"column":2}},"loc":{"start":{"line":107,"column":1},"end":{"line":115,"column":2}},"line":107},"11":{"name":"commits","decl":{"start":{"line":117,"column":1},"end":{"line":141,"column":2}},"loc":{"start":{"line":117,"column":1},"end":{"line":141,"column":2}},"line":117},"12":{"name":"version","decl":{"start":{"line":143,"column":1},"end":{"line":151,"column":2}},"loc":{"start":{"line":143,"column":1},"end":{"line":151,"column":2}},"line":143},"13":{"name":"branch","decl":{"start":{"line":153,"column":1},"end":{"line":161,"column":2}},"loc":{"start":{"line":153,"column":1},"end":{"line":161,"column":2}},"line":153},"14":{"name":"switch","decl":{"start":{"line":163,"column":1},"end":{"line":173,"column":2}},"loc":{"start":{"line":163,"column":1},"end":{"line":173,"column":2}},"line":163},"15":{"name":"checkTagExist","decl":{"start":{"line":175,"column":1},"end":{"line":190,"column":2}},"loc":{"start":{"line":175,"column":1},"end":{"line":190,"column":2}},"line":175},"16":{"name":"deleteTag","decl":{"start":{"line":192,"column":1},"end":{"line":202,"column":2}},"loc":{"start":{"line":192,"column":1},"end":{"line":202,"column":2}},"line":192},"17":{"name":"stageAll","decl":{"start":{"line":204,"column":1},"end":{"line":214,"column":2}},"loc":{"start":{"line":204,"column":1},"end":{"line":214,"column":2}},"line":204},"18":{"name":"stash","decl":{"start":{"line":216,"column":1},"end":{"line":226,"column":2}},"loc":{"start":{"line":216,"column":1},"end":{"line":226,"column":2}},"line":216},"19":{"name":"popStash","decl":{"start":{"line":228,"column":1},"end":{"line":238,"column":2}},"loc":{"start":{"line":228,"column":1},"end":{"line":238,"column":2}},"line":228},"20":{"name":"stage","decl":{"start":{"line":240,"column":1},"end":{"line":250,"column":2}},"loc":{"start":{"line":240,"column":1},"end":{"line":250,"column":2}},"line":240},"21":{"name":"reset","decl":{"start":{"line":252,"column":1},"end":{"line":264,"column":2}},"loc":{"start":{"line":252,"column":1},"end":{"line":264,"column":2}},"line":252},"22":{"name":"latestCommit","decl":{"start":{"line":266,"column":1},"end":{"line":274,"column":2}},"loc":{"start":{"line":266,"column":1},"end":{"line":274,"column":2}},"line":266},"23":{"name":"firstCommit","decl":{"start":{"line":276,"column":1},"end":{"line":284,"column":2}},"loc":{"start":{"line":276,"column":1},"end":{"line":284,"column":2}},"line":276},"24":{"name":"commit","decl":{"start":{"line":286,"column":1},"end":{"line":296,"column":2}},"loc":{"start":{"line":286,"column":1},"end":{"line":296,"column":2}},"line":286},"25":{"name":"repository","decl":{"start":{"line":298,"column":1},"end":{"line":306,"column":2}},"loc":{"start":{"line":298,"column":1},"end":{"line":306,"column":2}},"line":298},"26":{"name":"createTag","decl":{"start":{"line":308,"column":1},"end":{"line":320,"column":2}},"loc":{"start":{"line":308,"column":1},"end":{"line":320,"column":2}},"line":308},"27":{"name":"push","decl":{"start":{"line":322,"column":1},"end":{"line":342,"column":2}},"loc":{"start":{"line":322,"column":1},"end":{"line":342,"column":2}},"line":322}},"f":{"0":26,"1":68,"2":2,"3":2,"4":8,"5":5,"6":2,"7":2,"8":2,"9":3,"10":3,"11":4,"12":3,"13":2,"14":2,"15":3,"16":2,"17":2,"18":2,"19":2,"20":2,"21":5,"22":3,"23":2,"24":2,"25":2,"26":4,"27":7}}
,"/Users/sung-yein/Workspace/open-source/pubm/src/index.ts": {"path":"/Users/sung-yein/Workspace/open-source/pubm/src/index.ts","all":false,"statementMap":{"0":{"start":{"line":1,"column":0},"end":{"line":1,"column":46}},"14":{"start":{"line":15,"column":0},"end":{"line":15,"column":61}},"15":{"start":{"line":16,"column":0},"end":{"line":16,"column":56}},"17":{"start":{"line":18,"column":0},"end":{"line":18,"column":28}},"18":{"start":{"line":19,"column":0},"end":{"line":19,"column":1}}},"s":{"0":1,"14":8,"15":8,"17":8,"18":6},"branchMap":{"0":{"type":"branch","line":15,"loc":{"start":{"line":15,"column":0},"end":{"line":19,"column":1}},"locations":[{"start":{"line":15,"column":0},"end":{"line":19,"column":1}}]},"1":{"type":"branch","line":18,"loc":{"start":{"line":18,"column":26},"end":{"line":19,"column":1}},"locations":[{"start":{"line":18,"column":26},"end":{"line":19,"column":1}}]}},"b":{"0":[8],"1":[6]},"fnMap":{"0":{"name":"pubm","decl":{"start":{"line":15,"column":0},"end":{"line":19,"column":1}},"loc":{"start":{"line":15,"column":0},"end":{"line":19,"column":1}},"line":15}},"f":{"0":8}}
,"/Users/sung-yein/Workspace/open-source/pubm/src/options.ts": {"path":"/Users/sung-yein/Workspace/open-source/pubm/src/options.ts","all":false,"statementMap":{"2":{"start":{"line":3,"column":0},"end":{"line":3,"column":57}},"3":{"start":{"line":4,"column":0},"end":{"line":4,"column":20}},"4":{"start":{"line":5,"column":0},"end":{"line":5,"column":22}},"5":{"start":{"line":6,"column":0},"end":{"line":6,"column":16}},"6":{"start":{"line":7,"column":0},"end":{"line":7,"column":15}},"7":{"start":{"line":8,"column":0},"end":{"line":8,"column":28}},"8":{"start":{"line":9,"column":0},"end":{"line":9,"column":2}},"10":{"start":{"line":11,"column":0},"end":{"line":11,"column":67}},"11":{"start":{"line":12,"column":0},"end":{"line":12,"column":55}},"13":{"start":{"line":14,"column":0},"end":{"line":14,"column":39}},"14":{"start":{"line":15,"column":0},"end":{"line":15,"column":1}}},"s":{"2":1,"3":1,"4":1,"5":1,"6":1,"7":1,"8":1,"10":1,"11":6,"13":6,"14":6},"branchMap":{"0":{"type":"branch","line":11,"loc":{"start":{"line":11,"column":7},"end":{"line":15,"column":1}},"locations":[{"start":{"line":11,"column":7},"end":{"line":15,"column":1}}]}},"b":{"0":[6]},"fnMap":{"0":{"name":"resolveOptions","decl":{"start":{"line":11,"column":7},"end":{"line":15,"column":1}},"loc":{"start":{"line":11,"column":7},"end":{"line":15,"column":1}},"line":11}},"f":{"0":6}}
,"/Users/sung-yein/Workspace/open-source/pubm/src/registry/custom-registry.ts": {"path":"/Users/sung-yein/Workspace/open-source/pubm/src/registry/custom-registry.ts","all":false,"statementMap":{"0":{"start":{"line":1,"column":0},"end":{"line":1,"column":32}},"4":{"start":{"line":5,"column":0},"end":{"line":5,"column":49}},"5":{"start":{"line":6,"column":0},"end":{"line":6,"column":45}},"6":{"start":{"line":7,"column":0},"end":{"line":7,"column":40}},"7":{"start":{"line":8,"column":0},"end":{"line":8,"column":9}},"8":{"start":{"line":9,"column":0},"end":{"line":9,"column":44}},"9":{"start":{"line":10,"column":0},"end":{"line":10,"column":4}},"11":{"start":{"line":12,"column":0},"end":{"line":12,"column":27}},"13":{"start":{"line":14,"column":0},"end":{"line":14,"column":16}},"14":{"start":{"line":15,"column":0},"end":{"line":15,"column":2}},"15":{"start":{"line":16,"column":0},"end":{"line":16,"column":1}},"17":{"start":{"line":18,"column":0},"end":{"line":18,"column":65}},"18":{"start":{"line":19,"column":0},"end":{"line":19,"column":44}},"20":{"start":{"line":21,"column":0},"end":{"line":21,"column":45}},"21":{"start":{"line":22,"column":0},"end":{"line":22,"column":1}}},"s":{"0":1,"4":1,"5":1,"6":7,"7":7,"8":7,"9":7,"11":7,"13":6,"14":7,"15":1,"17":1,"18":1,"20":1,"21":1},"branchMap":{"0":{"type":"branch","line":6,"loc":{"start":{"line":6,"column":1},"end":{"line":15,"column":2}},"locations":[{"start":{"line":6,"column":1},"end":{"line":15,"column":2}}]},"1":{"type":"branch","line":12,"loc":{"start":{"line":12,"column":14},"end":{"line":12,"column":27}},"locations":[{"start":{"line":12,"column":14},"end":{"line":12,"column":27}}]},"2":{"type":"branch","line":12,"loc":{"start":{"line":12,"column":20},"end":{"line":14,"column":16}},"locations":[{"start":{"line":12,"column":20},"end":{"line":14,"column":16}}]},"3":{"type":"branch","line":18,"loc":{"start":{"line":18,"column":0},"end":{"line":22,"column":1}},"locations":[{"start":{"line":18,"column":0},"end":{"line":22,"column":1}}]}},"b":{"0":[7],"1":[1],"2":[6],"3":[1]},"fnMap":{"0":{"name":"npm","decl":{"start":{"line":6,"column":1},"end":{"line":15,"column":2}},"loc":{"start":{"line":6,"column":1},"end":{"line":15,"column":2}},"line":6},"1":{"name":"customRegistry","decl":{"start":{"line":18,"column":0},"end":{"line":22,"column":1}},"loc":{"start":{"line":18,"column":0},"end":{"line":22,"column":1}},"line":18}},"f":{"0":7,"1":1}}
,"/Users/sung-yein/Workspace/open-source/pubm/src/registry/index.ts": {"path":"/Users/sung-yein/Workspace/open-source/pubm/src/registry/index.ts","all":false,"statementMap":{"0":{"start":{"line":1,"column":0},"end":{"line":1,"column":56}},"6":{"start":{"line":7,"column":0},"end":{"line":7,"column":21}},"7":{"start":{"line":8,"column":0},"end":{"line":8,"column":18}},"8":{"start":{"line":9,"column":0},"end":{"line":9,"column":18}},"9":{"start":{"line":10,"column":0},"end":{"line":10,"column":62}},"11":{"start":{"line":12,"column":0},"end":{"line":12,"column":34}},"12":{"start":{"line":13,"column":0},"end":{"line":13,"column":27}},"13":{"start":{"line":14,"column":0},"end":{"line":14,"column":22}},"14":{"start":{"line":15,"column":0},"end":{"line":15,"column":43}},"16":{"start":{"line":17,"column":0},"end":{"line":17,"column":17}},"17":{"start":{"line":18,"column":0},"end":{"line":18,"column":32}},"18":{"start":{"line":19,"column":0},"end":{"line":19,"column":2}},"20":{"start":{"line":21,"column":0},"end":{"line":21,"column":25}},"21":{"start":{"line":22,"column":0},"end":{"line":22,"column":1}}},"s":{"0":1,"6":1,"7":1,"8":1,"9":1,"11":6,"12":6,"13":6,"14":6,"16":6,"17":2,"18":2,"20":4,"21":4},"branchMap":{"0":{"type":"branch","line":12,"loc":{"start":{"line":12,"column":0},"end":{"line":22,"column":1}},"locations":[{"start":{"line":12,"column":0},"end":{"line":22,"column":1}}]},"1":{"type":"branch","line":17,"loc":{"start":{"line":17,"column":16},"end":{"line":19,"column":2}},"locations":[{"start":{"line":17,"column":16},"end":{"line":19,"column":2}}]},"2":{"type":"branch","line":19,"loc":{"start":{"line":19,"column":1},"end":{"line":22,"column":1}},"locations":[{"start":{"line":19,"column":1},"end":{"line":22,"column":1}}]}},"b":{"0":[6],"1":[2],"2":[4]},"fnMap":{"0":{"name":"getRegistry","decl":{"start":{"line":12,"column":0},"end":{"line":22,"column":1}},"loc":{"start":{"line":12,"column":0},"end":{"line":22,"column":1}},"line":12}},"f":{"0":6}}
,"/Users/sung-yein/Workspace/open-source/pubm/src/registry/jsr.ts": {"path":"/Users/sung-yein/Workspace/open-source/pubm/src/registry/jsr.ts","all":false,"statementMap":{"0":{"start":{"line":1,"column":0},"end":{"line":1,"column":32}},"12":{"start":{"line":13,"column":0},"end":{"line":13,"column":38}},"13":{"start":{"line":14,"column":0},"end":{"line":14,"column":20}},"14":{"start":{"line":15,"column":0},"end":{"line":15,"column":1}},"16":{"start":{"line":17,"column":0},"end":{"line":17,"column":51}},"17":{"start":{"line":18,"column":0},"end":{"line":18,"column":31}},"19":{"start":{"line":20,"column":0},"end":{"line":20,"column":30}},"21":{"start":{"line":22,"column":0},"end":{"line":22,"column":17}},"22":{"start":{"line":23,"column":0},"end":{"line":23,"column":1}},"24":{"start":{"line":25,"column":0},"end":{"line":25,"column":42}},"25":{"start":{"line":26,"column":0},"end":{"line":26,"column":29}},"26":{"start":{"line":27,"column":0},"end":{"line":27,"column":19}},"28":{"start":{"line":29,"column":0},"end":{"line":29,"column":54}},"29":{"start":{"line":30,"column":0},"end":{"line":30,"column":31}},"31":{"start":{"line":32,"column":0},"end":{"line":32,"column":61}},"32":{"start":{"line":33,"column":0},"end":{"line":33,"column":2}},"34":{"start":{"line":35,"column":0},"end":{"line":35,"column":55}},"35":{"start":{"line":36,"column":0},"end":{"line":36,"column":53}},"37":{"start":{"line":38,"column":0},"end":{"line":38,"column":27}},"39":{"start":{"line":40,"column":0},"end":{"line":40,"column":16}},"40":{"start":{"line":41,"column":0},"end":{"line":41,"column":2}},"42":{"start":{"line":43,"column":0},"end":{"line":43,"column":40}},"43":{"start":{"line":44,"column":0},"end":{"line":44,"column":7}},"44":{"start":{"line":45,"column":0},"end":{"line":45,"column":30}},"46":{"start":{"line":47,"column":0},"end":{"line":47,"column":15}},"47":{"start":{"line":48,"column":0},"end":{"line":48,"column":11}},"48":{"start":{"line":49,"column":0},"end":{"line":49,"column":16}},"49":{"start":{"line":50,"column":0},"end":{"line":50,"column":3}},"50":{"start":{"line":51,"column":0},"end":{"line":51,"column":2}},"52":{"start":{"line":53,"column":0},"end":{"line":53,"column":38}},"53":{"start":{"line":54,"column":0},"end":{"line":54,"column":12}},"54":{"start":{"line":55,"column":0},"end":{"line":55,"column":2}},"56":{"start":{"line":57,"column":0},"end":{"line":57,"column":33}},"57":{"start":{"line":58,"column":0},"end":{"line":58,"column":7}},"58":{"start":{"line":59,"column":0},"end":{"line":59,"column":50}},"59":{"start":{"line":60,"column":0},"end":{"line":60,"column":36}},"60":{"start":{"line":61,"column":0},"end":{"line":61,"column":9}},"61":{"start":{"line":62,"column":0},"end":{"line":62,"column":8}},"62":{"start":{"line":63,"column":0},"end":{"line":63,"column":6}},"64":{"start":{"line":65,"column":0},"end":{"line":65,"column":28}},"66":{"start":{"line":67,"column":0},"end":{"line":67,"column":51}},"67":{"start":{"line":68,"column":0},"end":{"line":68,"column":19}},"68":{"start":{"line":69,"column":0},"end":{"line":69,"column":22}},"69":{"start":{"line":70,"column":0},"end":{"line":70,"column":69}},"70":{"start":{"line":71,"column":0},"end":{"line":71,"column":21}},"71":{"start":{"line":72,"column":0},"end":{"line":72,"column":5}},"72":{"start":{"line":73,"column":0},"end":{"line":73,"column":3}},"73":{"start":{"line":74,"column":0},"end":{"line":74,"column":2}},"75":{"start":{"line":76,"column":0},"end":{"line":76,"column":36}},"76":{"start":{"line":77,"column":0},"end":{"line":77,"column":7}},"77":{"start":{"line":78,"column":0},"end":{"line":78,"column":14}},"78":{"start":{"line":79,"column":0},"end":{"line":79,"column":10}},"79":{"start":{"line":80,"column":0},"end":{"line":80,"column":66}},"80":{"start":{"line":81,"column":0},"end":{"line":81,"column":5}},"81":{"start":{"line":82,"column":0},"end":{"line":82,"column":24}},"82":{"start":{"line":83,"column":0},"end":{"line":83,"column":6}},"83":{"start":{"line":84,"column":0},"end":{"line":84,"column":5}},"85":{"start":{"line":86,"column":0},"end":{"line":86,"column":15}},"86":{"start":{"line":87,"column":0},"end":{"line":87,"column":19}},"87":{"start":{"line":88,"column":0},"end":{"line":88,"column":22}},"88":{"start":{"line":89,"column":0},"end":{"line":89,"column":60}},"89":{"start":{"line":90,"column":0},"end":{"line":90,"column":5}},"90":{"start":{"line":91,"column":0},"end":{"line":91,"column":18}},"91":{"start":{"line":92,"column":0},"end":{"line":92,"column":6}},"92":{"start":{"line":93,"column":0},"end":{"line":93,"column":5}},"93":{"start":{"line":94,"column":0},"end":{"line":94,"column":3}},"94":{"start":{"line":95,"column":0},"end":{"line":95,"column":2}},"96":{"start":{"line":97,"column":0},"end":{"line":97,"column":35}},"97":{"start":{"line":98,"column":0},"end":{"line":98,"column":39}},"98":{"start":{"line":99,"column":0},"end":{"line":99,"column":2}},"100":{"start":{"line":101,"column":0},"end":{"line":101,"column":40}},"101":{"start":{"line":102,"column":0},"end":{"line":102,"column":7}},"102":{"start":{"line":103,"column":0},"end":{"line":103,"column":72}},"104":{"start":{"line":105,"column":0},"end":{"line":105,"column":34}},"105":{"start":{"line":106,"column":0},"end":{"line":106,"column":19}},"106":{"start":{"line":107,"column":0},"end":{"line":107,"column":22}},"107":{"start":{"line":108,"column":0},"end":{"line":108,"column":63}},"108":{"start":{"line":109,"column":0},"end":{"line":109,"column":21}},"109":{"start":{"line":110,"column":0},"end":{"line":110,"column":5}},"110":{"start":{"line":111,"column":0},"end":{"line":111,"column":3}},"111":{"start":{"line":112,"column":0},"end":{"line":112,"column":2}},"113":{"start":{"line":114,"column":0},"end":{"line":114,"column":42}},"114":{"start":{"line":115,"column":0},"end":{"line":115,"column":10}},"115":{"start":{"line":116,"column":0},"end":{"line":116,"column":72}},"117":{"start":{"line":118,"column":0},"end":{"line":118,"column":2}},"119":{"start":{"line":120,"column":0},"end":{"line":120,"column":51}},"120":{"start":{"line":121,"column":0},"end":{"line":121,"column":46}},"121":{"start":{"line":122,"column":0},"end":{"line":122,"column":2}},"122":{"start":{"line":123,"column":0},"end":{"line":123,"column":1}},"124":{"start":{"line":125,"column":0},"end":{"line":125,"column":24}},"125":{"start":{"line":126,"column":0},"end":{"line":126,"column":42}},"127":{"start":{"line":128,"column":0},"end":{"line":128,"column":43}},"129":{"start":{"line":130,"column":0},"end":{"line":130,"column":23}},"130":{"start":{"line":131,"column":0},"end":{"line":131,"column":19}},"131":{"start":{"line"
[...]
{"line":239,"column":16}},"239":{"start":{"line":240,"column":0},"end":{"line":240,"column":53}},"241":{"start":{"line":242,"column":0},"end":{"line":242,"column":35}},"243":{"start":{"line":244,"column":0},"end":{"line":244,"column":60}},"245":{"start":{"line":246,"column":0},"end":{"line":246,"column":19}},"246":{"start":{"line":247,"column":0},"end":{"line":247,"column":16}},"247":{"start":{"line":248,"column":0},"end":{"line":248,"column":52}},"248":{"start":{"line":249,"column":0},"end":{"line":249,"column":5}},"250":{"start":{"line":251,"column":0},"end":{"line":251,"column":21}},"251":{"start":{"line":252,"column":0},"end":{"line":252,"column":7}},"252":{"start":{"line":253,"column":0},"end":{"line":253,"column":4}},"254":{"start":{"line":255,"column":0},"end":{"line":255,"column":56}},"255":{"start":{"line":256,"column":0},"end":{"line":256,"column":1}}},"s":{"0":1,"11":1,"12":1,"16":1,"17":2,"18":2,"19":2,"20":2,"21":2,"23":43,"24":43,"25":43,"26":43,"27":43,"28":43,"29":43,"31":43,"32":130,"34":130,"35":130,"36":21,"37":21,"38":130,"40":109,"42":130,"43":130,"45":21,"46":21,"48":10,"49":10,"50":10,"51":10,"52":10,"54":9,"55":9,"57":10,"59":10,"60":2,"61":1,"62":1,"63":1,"64":1,"66":1,"67":1,"68":1,"70":1,"71":1,"72":1,"74":1,"76":1,"77":1,"79":7,"80":7,"82":7,"83":10,"84":2,"85":2,"86":2,"87":2,"88":2,"89":10,"91":12,"92":12,"93":12,"94":12,"95":12,"97":9,"98":9,"99":12,"101":12,"102":2,"103":1,"104":1,"105":1,"106":1,"108":1,"109":1,"110":1,"112":1,"114":1,"115":1,"117":7,"118":7,"120":7,"121":12,"122":2,"123":2,"124":2,"125":2,"126":2,"127":12,"129":7,"130":7,"131":7,"132":7,"133":7,"135":7,"137":7,"138":7,"139":7,"140":7,"141":7,"142":4,"143":7,"144":7,"145":7,"146":4,"147":7,"148":7,"149":7,"150":7,"151":7,"152":7,"154":7,"155":7,"156":7,"157":7,"159":3,"160":3,"162":7,"163":5,"164":5,"165":2,"166":3,"167":3,"170":3,"171":5,"173":3,"174":7,"175":7,"177":1,"178":6,"179":6,"180":6,"181":6,"182":6,"183":6,"184":6,"185":6,"186":6,"188":6,"189":5,"190":5,"191":5,"193":1,"195":5,"196":2,"197":2,"198":2,"199":2,"201":1,"202":5,"203":6,"205":3,"206":3,"208":3,"209":2,"211":2,"212":2,"213":1,"214":1,"215":2,"217":2,"218":2,"220":1,"222":3,"223":3,"224":3,"225":3,"227":3,"229":2,"231":2,"232":2,"233":2,"234":2,"236":2,"237":3,"238":3,"239":3,"241":3,"243":1,"245":1,"246":1,"247":1,"248":1,"250":1,"251":3,"252":3,"254":3,"255":3},"branchMap":{"0":{"type":"branch","line":17,"loc":{"start":{"line":17,"column":7},"end":{"line":22,"column":1}},"locations":[{"start":{"line":17,"column":7},"end":{"line":22,"column":1}}]},"1":{"type":"branch","line":24,"loc":{"start":{"line":24,"column":0},"end":{"line":47,"column":1}},"locations":[{"start":{"line":24,"column":0},"end":{"line":47,"column":1}}]},"2":{"type":"branch","line":32,"loc":{"start":{"line":32,"column":19},"end":{"line":44,"column":2}},"locations":[{"start":{"line":32,"column":19},"end":{"line":44,"column":2}}]},"3":{"type":"branch","line":36,"loc":{"start":{"line":36,"column":27},"end":{"line":36,"column":40}},"locations":[{"start":{"line":36,"column":27},"end":{"line":36,"column":40}}]},"4":{"type":"branch","line":36,"loc":{"start":{"line":36,"column":40},"end":{"line":38,"column":4}},"locations":[{"start":{"line":36,"column":40},"end":{"line":38,"column":4}}]},"5":{"type":"branch","line":39,"loc":{"start":{"line":39,"column":2},"end":{"line":39,"column":12}},"locations":[{"start":{"line":39,"column":2},"end":{"line":39,"column":12}}]},"6":{"type":"branch","line":39,"loc":{"start":{"line":39,"column":11},"end":{"line":43,"column":33}},"locations":[{"start":{"line":39,"column":11},"end":{"line":43,"column":33}}]},"7":{"type":"branch","line":43,"loc":{"start":{"line":43,"column":26},"end":{"line":43,"column":38}},"locations":[{"start":{"line":43,"column":26},"end":{"line":43,"column":38}}]},"8":{"type":"branch","line":44,"loc":{"start":{"line":44,"column":1},"end":{"line":47,"column":1}},"locations":[{"start":{"line":44,"column":1},"end":{"line":47,"column":1}}]},"9":{"type":"branch","line":49,"loc":{"start":{"line":49,"column":0},"end":{"line":90,"column":1}},"locations":[{"start":{"line":49,"column":0},"end":{"line":90,"column":1}}]},"10":{"type":"branch","line":53,"loc":{"start":{"line":53,"column":29},"end":{"line":53,"column":59}},"locations":[{"start":{"line":53,"column":29},"end":{"line":53,"column":59}}]},"11":{"type":"branch","line":53,"loc":{"start":{"line":53,"column":57},"end":{"line":58,"column":34}},"locations":[{"start":{"line":53,"column":57},"end":{"line":58,"column":34}}]},"12":{"type":"branch","line":58,"loc":{"start":{"line":58,"column":14},"end":{"line":58,"column":78}},"locations":[{"start":{"line":58,"column":14},"end":{"line":58,"column":78}}]},"13":{"type":"branch","line":60,"loc":{"start":{"line":60,"column":12},"end":{"line":78,"column":3}},"locations":[{"start":{"line":60,"column":12},"end":{"line":78,"column":3}}]},"14":{"type":"branch","line":61,"loc":{"start":{"line":61,"column":21},"end":{"line":78,"column":3}},"locations":[{"start":{"line":61,"column":21},"end":{"line":78,"column":3}}]},"15":{"type":"branch","line":78,"loc":{"start":{"line":78,"column":2},"end":{"line":84,"column":10}},"locations":[{"start":{"line":78,"column":2},"end":{"line":84,"column":10}}]},"16":{"type":"branch","line":84,"loc":{"start":{"line":84,"column":1},"end":{"line":89,"column":2}},"locations":[{"start":{"line":84,"column":1},"end":{"line":89,"column":2}}]},"17":{"type":"branch","line":92,"loc":{"start":{"line":92,"column":0},"end":{"line":128,"column":1}},"locations":[{"start":{"line":92,"column":0},"end":{"line":128,"column":1}}]},"18":{"type":"branch","line":96,"loc":{"start":{"line":96,"column":25},"end":{"line":96,"column":51}},"locations":[{"start":{"line":96,"column":25},"end":{"line":96,"column":51}}]},"19":{"type":"branch","line":96,"loc":{"start":{"line":96,"column":49},"end":{"line":100,"column":30}},"locations":[{"start":{"line":96,"column":49},"end":{"line":100,"column":30}}]},"20":{"type":"branch","line":100,"loc":{"start":{"line":100,"column":14},"end":{"line":100,"column":70}},"locations":[{"start":{"line":100,"column":14},"end":{"line":100,"column":70}}]},"21":{"type":"branch","line":102,"loc":{"start":{"line":102,"column":12},"end":{"line":116,"column":3}},"locations":[{"start":{"line":102,"column":12},"end":{"line":116,"column":3}}]},"22":{"type":"branch","line":103,"loc":{"start":{"line":103,"column":25},"end":{"line":116,"column":3}},"locations":[{"start":{"line":103,"column":25},"end":{"line":116,"column":3}}]},"23":{"type":"branch","line":116,"loc":{"start":{"line":116,"column":2},"end":{"line":122,"column":10}},"locations":[{"start":{"line":116,"column":2},"end":{"line":122,"column":10}}]},"24":{"type":"branch","line":122,"loc":{"start":{"line":122,"column":1},"end":{"line":127,"column":2}},"locations":[{"start":{"line":122,"column":1},"end":{"line":127,"column":2}}]},"25":{"type":"branch","line":130,"loc":{"start":{"line":130,"column":0},"end":{"line":176,"column":1}},"locations":[{"start":{"line":130,"column":0},"end":{"line":176,"column":1}}]},"26":{"type":"branch","line":136,"loc":{"start":{"line":136,"column":17},"end":{"line":136,"column":31}},"locations":[{"start":{"line":136,"column":17},"end":{"line":136,"column":31}}]},"27":{"type":"branch","line":142,"loc":{"start":{"line":142,"column":15},"end":{"line":143,"column":77}},"locations":[{"start":{"line":142,"column":15},"end":{"line":143,"column":77}}]},"28":{"type":"branch","line":146,"loc":{"start":{"line":146,"column":20},"end":{"line":146,"column":35}},"locations":[{"start":{"line":146,"column":20},"end":{"line":146,"column":35}}]},"29":{"type":"branch","line":148,"loc":{"start":{"line":148,"column":4},"end":{"line":148,"column":13}},"locations":[{"start":{"line":148,"column":4},"end":{"line":148,"column":13}}]},"30":{"type":"branch","line":151,"loc":{"start":{"line":151,"column":24},"end":{"line":151,"column":38}},"locations":[{"start":{"line":151,"column":24},"end":{"line":151,"column":38}}]},"31":{"type":"branch","line":151,"loc":{"start":{"line":151,"column":69},"end":{"line":151,"column":77}},"locations":[{"start":{"line":151,"column":69},"end":{"line":151,"column":77}}]},"32":{"type":"branch","line":146,"loc":{"start":{"line":146,"column":35},"end":{"line":147,"column":49}},"locations":[{"start":{"line":146,"column":35},"end":{"line":147,"column":49}}]},"33":{"type":"branch","line":147,"loc":{"start":{"line":147,"column":24},"end":{"line":147,"column":46}},"locations":[{"start":{"line":147,"column":24},"end":{"line":147,"column":46}}]},"34":{"type":"branch","line":147,"loc":{"start":{"line":147,"column":42},"end":{"line":147,"column":49}},"locations":[{"start":{"line":147,"column":42},"end":{"line":147,"column":49}}]},"35":{"type":"branch","line":151,"loc":{"start":{"line":151,"column":38},"end":{"line":151,"column":69}},"locations":[{"start":{"line":151,"column":38},"end":{"line":151,"column":69}}]},"36":{"type":"branch","line":155,"loc":{"start":{"line":155,"column":1},"end":{"line":175,"column":2}},"locations":[{"start":{"line":155,"column":1},"end":{"line":175,"column":2}}]},"37":{"type":"branch","line":158,"loc":{"start":{"line":158,"column":35},"end":{"line":158,"column":50}},"locations":[{"start":{"line":158,"column":35},"end":{"line":158,"column":50}}]},"38":{"type":"branch","line":158,"loc":{"start":{"line":158,"column":42},"end":{"line":163,"column":66}},"locations":[{"start":{"line":158,"column":42},"end":{"line":163,"column":66}}]},"39":{"type":"branch","line":163,"loc":{"start":{"line":163,"column":66},"end":{"line":172,"column":3}},"locations":[{"start":{"line":163,"column":66},"end":{"line":172,"column":3}}]},"40":{"type":"branch","line":165,"loc":{"start":{"line":165,"column":27},"end":{"line":166,"column":18}},"locations":[{"start":{"line":165,"column":27},"end":{"line":166,"column":18}}]},"41":{"type":"branch","line":166,"loc":{"start":{"line":166,"column":7},"end":{"line":171,"column":8}},"locations":[{"start":{"line":166,"column":7},"end":{"line":171,"column":8}}]},"42":{"type":"branch","line":172,"loc":{"start":{"line":172,"column":2},"end":{"line":174,"column":26}},"locations":[{"start":{"line":172,"column":2},"end":{"line":174,"column":26}}]},"43":{"type":"branch","line":178,"loc":{"start":{"line":178,"column":7},"end":{"line":204,"column":1}},"locations":[{"start":{"line":178,"column":7},"end":{"line":204,"column":1}}]},"44":{"type":"branch","line":183,"loc":{"start":{"line":183,"column":15},"end":{"line":183,"column":35}},"locations":[{"start":{"line":183,"column":15},"end":{"line":183,"column":35}}]},"45":{"type":"branch","line":183,"loc":{"start":{"line":183,"column":24},"end":{"line":183,"column":39}},"locations":[{"start":{"line":183,"column":24},"end":{"line":183,"column":39}}]},"46":{"type":"branch","line":184,"loc":{"start":{"line":184,"column":15},"end":{"line":184,"column":37}},"locations":[{"start":{"line":184,"column":15},"end":{"line":184,"column":37}}]},"47":{"type":"branch","line":184,"loc":{"start":{"line":184,"column":51},"end":{"line":184,"column":60}},"locations":[{"start":{"line":184,"column":51},"end":{"line":184,"column":60}}]},"48":{"type":"branch","line":186,"loc":{"start":{"line":186,"column":19},"end":{"line":186,"column":62}},"locations":[{"start":{"line":186,"column":19},"end":{"line":186,"column":62}}]},"49":{"type":"branch","line":184,"loc":{"start":{"line":184,"column":37},"end":{"line":184,"column":51}},"locations":[{"start":{"line":184,"column":37},"end":{"line":184,"column":51}}]},"50":{"type":"branch","line":189,"loc":{"start":{"line":189,"column":1},"end":{"line":203,"column":2}},"locations":[{"start":{"line":189,"column":1},"end":{"line":203,"column":2}}]},"51":{"type":"branch","line":192,"loc":{"start":{"line":192,"column":35},"end":{"line":192,"column":50}},"locations":[{"start":{"line":192,"column":35},"end":{"line":192,"column":50}}]},"52":{"type":"branch","line":192,"loc":{"start":{"line":192,"column":42},"end":{"line":196,"column":66}},"locations":[{"start":{"line":192,"column":42},"end":{"line":196,"column":66}}]},"53":{"type":"branch","line":196,"loc":{"start":{"line":196,"column":66},"end":{"line":200,"column":3}},"locations":[{"start":{"line":196,"column":66},"end":{"line":200,"column":3}}]},"54":{"type":"branch","line":200,"loc":{"start":{"line":200,"column":2},"end":{"line":202,"column":26}},"locations":[{"start":{"line":200,"column":2},"end":{"line":202,"column":26}}]},"55":{"type":"branch","line":206,"loc":{"start":{"line":206,"column":0},"end":{"line":219,"column":1}},"locations":[{"start":{"line":206,"column":0},"end":{"line":219,"column":1}}]},"56":{"type":"branch","line":209,"loc":{"start":{"line":209,"column":15},"end":{"line":219,"column":1}},"locations":[{"start":{"line":209,"column":15},"end":{"line":219,"column":1}}]},"57":{"type":"branch","line":213,"loc":{"start":{"line":213,"column":3},"end":{"line":215,"column":5}},"locations":[{"start":{"line":213,"column":3},"end":{"line":215,"column":5}}]},"58":{"type":"branch","line":223,"loc":{"start":{"line":223,"column":0},"end":{"line":256,"column":1}},"locations":[{"start":{"line":223,"column":0},"end":{"line":256,"column":1}}]},"59":{"type":"branch","line":225,"loc":{"start":{"line":225,"column":3},"end":{"line":238,"column":5}},"locations":[{"start":{"line":225,"column":3},"end":{"line":238,"column":5}}]},"60":{"type":"branch","line":228,"loc":{"start":{"line":228,"column":25},"end":{"line":228,"column":39}},"locations":[{"start":{"line":228,"column":25},"end":{"line":228,"column":39}}]},"61":{"type":"branch","line":228,"loc":{"start":{"line":228,"column":32},"end":{"line":237,"column":25}},"locations":[{"start":{"line":228,"column":32},"end":{"line":237,"column":25}}]},"62":{"type":"branch","line":239,"loc":{"start":{"line":239,"column":3},"end":{"line":252,"column":5}},"locations":[{"start":{"line":239,"column":3},"end":{"line":252,"column":5}}]},"63":{"type":"branch","line":242,"loc":{"start":{"line":242,"column":21},"end":{"line":242,"column":35}},"locations":[{"start":{"line":242,"column":21},"end":{"line":242,"column":35}}]},"64":{"type":"branch","line":242,"loc":{"start":{"line":242,"column":28},"end":{"line":251,"column":21}},"locations":[{"start":{"line":242,"column":28},"end":{"line":251,"column":21}}]},"65":{"type":"branch","line":255,"loc":{"start":{"line":255,"column":23},"end":{"line":255,"column":31}},"locations":[{"start":{"line":255,"column":23},"end":{"line":255,"column":31}}]}},"b":{"0":[2],"1":[43],"2":[130],"3":[22],"4":[21],"5":[108],"6":[109],"7":[22],"8":[21],"9":[10],"10":[1],"11":[9],"12":[7],"13":[2],"14":[1],"15":[7],"16":[2],"17":[12],"18":[3],"19":[9],"20":[7],"21":[2],"22":[1],"23":[7],"24":[2],"25":[7],"26":[0],"27":[4],"28":[2],"29":[5],"30":[2],"31":[5],"32":[4],"33":[1],"34":[3],"35":[4],"36":[7],"37":[4],"38":[3],"39":[5],"40":[2],"41":[3],"42":[3],"43":[6],"44":[1],"45":[5],"46":[1],"47":[5],"48":[5],"49":[2],"50":[5],"51":[4],"52":[1],"53":[2],"54":[1],"55":[3],"56":[2],"57":[1],"58":[3],"59":[3],"60":[1],"61":[2],"62":[3],"63":[2],"64":[1],"65":[6]},"fnMap":{"0":{"name":"patchCachedJsrJson","decl":{"start":{"line":17,"column":7},"end":{"line":22,"column":1}},"loc":{"start":{"line":17,"column":7},"end":{"line":22,"column":1}},"line":17},"1":{"name":"findOutFile","decl":{"start":{"line":24,"column":0},"end":{"line":47,"column":1}},"loc":{"start":{"line":24,"column":0},"end":{"line":47,"column":1}},"line":24},"2":{"name":"getPackageJson","decl":{"start":{"line":49,"column":0},"end":{"line":90,"column":1}},"loc":{"start":{"line":49,"column":0},"end":{"line":90,"column":1}},"line":49},"3":{"name":"getJsrJson","decl":{"start":{"line":92,"column":0},"end":{"line":128,"column":1}},"loc":{"start":{"line":92,"column":0},"end":{"line":128,"column":1}},"line":92},"4":{"name":"packageJsonToJsrJson","decl":{"start":{"line":130,"column":0},"end":{"line":176,"column":1}},"loc":{"start":{"line":130,"column":0},"end":{"line":176,"column":1}},"line":130},"5":{"name":"convertExports","decl":{"start":{"line":155,"column":1},"end":{"line":175,"column":2}},"loc":{"start":{"line":155,"column":1},"end":{"line":175,"column":2}},"line":155},"6":{"name":"jsrJsonToPackageJson","decl":{"start":{"line":178,"column":7},"end":{"line":204,"column":1}},"loc":{"start":{"line":178,"column":7},"end":{"line":204,"column":1}},"line":178},"7":{"name":"convertExports","decl":{"start":{"line":189,"column":1},"end":{"line":203,"column":2}},"loc":{"start":{"line":189,"column":1},"end":{"line":203,"column":2}},"line":189},"8":{"name":"version","decl":{"start":{"line":206,"column":0},"end":{"line":219,"column":1}},"loc":{"start":{"line":206,"column":0},"end":{"line":219,"column":1}},"line":206},"9":{"name":"replaceVersion","decl":{"start":{"line":223,"column":0},"end":{"line":256,"column":1}},"loc":{"start":{"line":223,"column":0},"end":{"line":256,"column":1}},"line":223}},"f":{"0":2,"1":43,"2":10,"3":12,"4":7,"5":7,"6":6,"7":5,"8":3,"9":3}}
,"/Users/sung-yein/Workspace/open-source/pubm/src/utils/rollback.ts": {"path":"/Users/sung-yein/Workspace/open-source/pubm/src/utils/rollback.ts","all":false,"statementMap":{"3":{"start":{"line":4,"column":0},"end":{"line":4,"column":60}},"5":{"start":{"line":6,"column":0},"end":{"line":6,"column":44}},"6":{"start":{"line":7,"column":0},"end":{"line":7,"column":25}},"7":{"start":{"line":8,"column":0},"end":{"line":8,"column":14}},"8":{"start":{"line":9,"column":0},"end":{"line":9,"column":9}},"9":{"start":{"line":10,"column":0},"end":{"line":10,"column":48}},"10":{"start":{"line":11,"column":0},"end":{"line":11,"column":1}},"12":{"start":{"line":13,"column":0},"end":{"line":13,"column":19}},"14":{"start":{"line":15,"column":0},"end":{"line":15,"column":49}},"15":{"start":{"line":16,"column":0},"end":{"line":16,"column":27}},"17":{"start":{"line":18,"column":0},"end":{"line":18,"column":15}},"19":{"start":{"line":20,"column":0},"end":{"line":20,"column":42}},"21":{"start":{"line":22,"column":0},"end":{"line":22,"column":28}},"23":{"start":{"line":24,"column":0},"end":{"line":24,"column":60}},"25":{"start":{"line":26,"column":0},"end":{"line":26,"column":35}},"26":{"start":{"line":27,"column":0},"end":{"line":27,"column":1}}},"s":{"3":1,"5":1,"6":8,"7":8,"8":8,"9":8,"10":8,"12":1,"14":7,"15":7,"17":6,"19":7,"21":5,"23":5,"25":5,"26":5},"branchMap":{"0":{"type":"branch","line":6,"loc":{"start":{"line":6,"column":7},"end":{"line":11,"column":1}},"locations":[{"start":{"line":6,"column":7},"end":{"line":11,"column":1}}]},"1":{"type":"branch","line":15,"loc":{"start":{"line":15,"column":0},"end":{"line":27,"column":1}},"locations":[{"start":{"line":15,"column":0},"end":{"line":27,"column":1}}]},"2":{"type":"branch","line":16,"loc":{"start":{"line":16,"column":13},"end":{"line":16,"column":27}},"locations":[{"start":{"line":16,"column":13},"end":{"line":16,"column":27}}]},"3":{"type":"branch","line":16,"loc":{"start":{"line":16,"column":20},"end":{"line":20,"column":35}},"locations":[{"start":{"line":16,"column":20},"end":{"line":20,"column":35}}]},"4":{"type":"branch","line":20,"loc":{"start":{"line":20,"column":28},"end":{"line":20,"column":42}},"locations":[{"start":{"line":20,"column":28},"end":{"line":20,"column":42}}]},"5":{"type":"branch","line":20,"loc":{"start":{"line":20,"column":35},"end":{"line":27,"column":1}},"locations":[{"start":{"line":20,"column":35},"end":{"line":27,"column":1}}]},"6":{"type":"branch","line":24,"loc":{"start":{"line":24,"column":33},"end":{"line":24,"column":57}},"locations":[{"start":{"line":24,"column":33},"end":{"line":24,"column":57}}]}},"b":{"0":[8],"1":[7],"2":[1],"3":[6],"4":[1],"5":[5],"6":[8]},"fnMap":{"0":{"name":"addRollback","decl":{"start":{"line":6,"column":7},"end":{"line":11,"column":1}},"loc":{"start":{"line":6,"column":7},"end":{"line":11,"column":1}},"line":6},"1":{"name":"rollback","decl":{"start":{"line":15,"column":0},"end":{"line":27,"column":1}},"loc":{"start":{"line":15,"column":0},"end":{"line":27,"column":1}},"line":15}},"f":{"0":8,"1":7}}
}
