{"total": {"lines":{"total":2133,"covered":2133,"skipped":0,"pct":100},"statements":{"total":2133,"covered":2133,"skipped":0,"pct":100},"functions":{"total":164,"covered":164,"skipped":0,"pct":100},"branches":{"total":554,"covered":551,"skipped":0,"pct":99.45},"branchesTrue":{"total":0,"covered":0,"skipped":0,"pct":100}}
,"/Users/sung-yein/Workspace/open-source/pubm/src/cli.ts": {"lines":{"total":173,"covered":173,"skipped":0,"pct":100},"functions":{"total":1,"covered":1,"skipped":0,"pct":100},"statements":{"total":173,"covered":173,"skipped":0,"pct":100},"branches":{"total":18,"covered":18,"skipped":0,"pct":100}}
,"/Users/sung-yein/Workspace/open-source/pubm/src/error.ts": {"lines":{"total":40,"covered":40,"skipped":0,"pct":100},"functions":{"total":5,"covered":5,"skipped":0,"pct":100},"statements":{"total":40,"covered":40,"skipped":0,"pct":100},"branches":{"total":12,"covered":10,"skipped":0,"pct":83.33}}
,"/Users/sung-yein/Workspace/open-source/pubm/src/git.ts": {"lines":{"total":290,"covered":290,"skipped":0,"pct":100},"functions":{"total":28,"covered":28,"skipped":0,"pct":100},"statements":{"total":290,"covered":290,"skipped":0,"pct":100},"branches":{"total":80,"covered":80,"skipped":0,"pct":100}}
,"/Users/sung-yein/Workspace/open-source/pubm/src/index.ts": {"lines":{"total":5,"covered":5,"skipped":0,"pct":100},"functions":{"total":1,"covered":1,"skipped":0,"pct":100},"statements":{"total":5,"covered":5,"skipped":0,"pct":100},"branches":{"total":2,"covered":2,"skipped":0,"pct":100}}
,"/Users/sung-yein/Workspace/open-source/pubm/src/options.ts": {"lines":{"total":11,"covered":11,"skipped":0,"pct":100},"functions":{"total":1,"covered":1,"skipped":0,"pct":100},"statements":{"total":11,"covered":11,"skipped":0,"pct":100},"branches":{"total":1,"covered":1,"skipped":0,"pct":100}}
,"/Users/sung-yein/Workspace/open-source/pubm/src/registry/custom-registry.ts": {"lines":{"total":15,"covered":15,"skipped":0,"pct":100},"functions":{"total":2,"covered":2,"skipped":0,"pct":100},"statements":{"total":15,"covered":15,"skipped":0,"pct":100},"branches":{"total":4,"covered":4,"skipped":0,"pct":100}}
,"/Users/sung-yein/Workspace/open-source/pubm/src/registry/index.ts": {"lines":{"total":14,"covered":14,"skipped":0,"pct":100},"functions":{"total":1,"covered":1,"skipped":0,"pct":100},"statements":{"total":14,"covered":14,"skipped":0,"pct":100},"branches":{"total":3,"covered":3,"skipped":0,"pct":100}}
,"/Users/sung-yein/Workspace/open-source/pubm/src/registry/jsr.ts": {"lines":{"total":242,"covered":242,"skipped":0,"pct":100},"functions":{"total":26,"covered":26,"skipped":0,"pct":100},"statements":{"total":242,"covered":242,"skipped":0,"pct":100},"branches":{"total":59,"covered":59,"skipped":0,"pct":100}}
,"/Users/sung-yein/Workspace/open-source/pubm/src/registry/npm.ts": {"lines":{"total":138,"covered":138,"skipped":0,"pct":100},"functions":{"total":17,"covered":17,"skipped":0,"pct":100},"statements":{"total":138,"covered":138,"skipped":0,"pct":100},"branches":{"total":45,"covered":45,"skipped":0,"pct":100}}
,"/Users/sung-yein/Workspace/open-source/pubm/src/registry/registry.ts": {"lines":{"total":6,"covered":6,"skipped":0,"pct":100},"functions":{"total":1,"covered":1,"skipped":0,"pct":100},"statements":{"total":6,"covered":6,"skipped":0,"pct":100},"branches":{"total":1,"covered":1,"skipped":0,"pct":100}}
,"/Users/sung-yein/Workspace/open-source/pubm/src/tasks/jsr.ts": {"lines":{"total":177,"covered":177,"skipped":0,"pct":100},"functions":{"total":4,"covered":4,"skipped":0,"pct":100},"statements":{"total":177,"covered":177,"skipped":0,"pct":100},"branches":{"total":55,"covered":55,"skipped":0,"pct":100}}
,"/Users/sung-yein/Workspace/open-source/pubm/src/tasks/npm.ts": {"lines":{"total":73,"covered":73,"skipped":0,"pct":100},"functions":{"total":6,"covered":6,"skipped":0,"pct":100},"statements":{"total":73,"covered":73,"skipped":0,"pct":100},"branches":{"total":20,"covered":20,"skipped":0,"pct":100}}
,"/Users/sung-yein/Workspace/open-source/pubm/src/tasks/prerequisites-check.ts": {"lines":{"total":158,"covered":158,"skipped":0,"pct":100},"functions":{"total":10,"covered":10,"skipped":0,"pct":100},"statements":{"total":158,"covered":158,"skipped":0,"pct":100},"branches":{"total":28,"covered":28,"skipped":0,"pct":100}}
,"/Users/sung-yein/Workspace/open-source/pubm/src/tasks/required-conditions-check.ts": {"lines":{"total":136,"covered":136,"skipped":0,"pct":100},"functions":{"total":15,"covered":15,"skipped":0,"pct":100},"statements":{"total":136,"covered":136,"skipped":0,"pct":100},"branches":{"total":33,"covered":33,"skipped":0,"pct":100}}
,"/Users/sung-yein/Workspace/open-source/pubm/src/tasks/required-missing-information.ts": {"lines":{"total":86,"covered":86,"skipped":0,"pct":100},"functions":{"total":6,"covered":6,"skipped":0,"pct":100},"statements":{"total":86,"covered":86,"skipped":0,"pct":100},"branches":{"total":13,"covered":13,"skipped":0,"pct":100}}
,"/Users/sung-yein/Workspace/open-source/pubm/src/tasks/runner.ts": {"lines":{"total":185,"covered":185,"skipped":0,"pct":100},"functions":{"total":12,"covered":12,"skipped":0,"pct":100},"statements":{"total":185,"covered":185,"skipped":0,"pct":100},"branches":{"total":41,"covered":41,"skipped":0,"pct":100}}
,"/Users/sung-yein/Workspace/open-source/pubm/src/utils/cli.ts": {"lines":{"total":5,"covered":5,"skipped":0,"pct":100},"functions":{"total":1,"covered":1,"skipped":0,"pct":100},"statements":{"total":5,"covered":5,"skipped":0,"pct":100},"branches":{"total":1,"covered":1,"skipped":0,"pct":100}}
,"/Users/sung-yein/Workspace/open-source/pubm/src/utils/db.ts": {"lines":{"total":49,"covered":49,"skipped":0,"pct":100},"functions":{"total":6,"covered":6,"skipped":0,"pct":100},"statements":{"total":49,"covered":49,"skipped":0,"pct":100},"branches":{"total":9,"covered":9,"skipped":0,"pct":100}}
,"/Users/sung-yein/Workspace/open-source/pubm/src/utils/engine-version.ts": {"lines":{"total":12,"covered":12,"skipped":0,"pct":100},"functions":{"total":1,"covered":1,"skipped":0,"pct":100},"statements":{"total":12,"covered":12,"skipped":0,"pct":100},"branches":{"total":2,"covered":2,"skipped":0,"pct":100}}
,"/Users/sung-yein/Workspace/open-source/pubm/src/utils/listr.ts": {"lines":{"total":9,"covered":9,"skipped":0,"pct":100},"functions":{"total":2,"covered":2,"skipped":0,"pct":100},"statements":{"total":9,"covered":9,"skipped":0,"pct":100},"branches":{"total":2,"covered":2,"skipped":0,"pct":100}}
,"/Users/sung-yein/Workspace/open-source/pubm/src/utils/notify-new-version.ts": {"lines":{"total":47,"covered":47,"skipped":0,"pct":100},"functions":{"total":1,"covered":1,"skipped":0,"pct":100},"statements":{"total":47,"covered":47,"skipped":0,"pct":100},"branches":{"total":16,"covered":16,"skipped":0,"pct":100}}
,"/Users/sung-yein/Workspace/open-source/pubm/src/utils/package-manager.ts": {"lines":{"total":14,"covered":14,"skipped":0,"pct":100},"functions":{"total":1,"covered":1,"skipped":0,"pct":100},"statements":{"total":14,"covered":14,"skipped":0,"pct":100},"branches":{"total":6,"covered":6,"skipped":0,"pct":100}}
,"/Users/sung-yein/Workspace/open-source/pubm/src/utils/package-name.ts": {"lines":{"total":42,"covered":42,"skipped":0,"pct":100},"functions":{"total":4,"covered":4,"skipped":0,"pct":100},"statements":{"total":42,"covered":42,"skipped":0,"pct":100},"branches":{"total":30,"covered":30,"skipped":0,"pct":100}}
,"/Users/sung-yein/Workspace/open-source/pubm/src/utils/package.ts": {"lines":{"total":190,"covered":190,"skipped":0,"pct":100},"functions":{"total":10,"covered":10,"skipped":0,"pct":100},"statements":{"total":190,"covered":190,"skipped":0,"pct":100},"branches":{"total":66,"covered":65,"skipped":0,"pct":98.48}}
,"/Users/sung-yein/Workspace/open-source/pubm/src/utils/rollback.ts": {"lines":{"total":16,"covered":16,"skipped":0,"pct":100},"functions":{"total":2,"covered":2,"skipped":0,"pct":100},"statements":{"total":16,"covered":16,"skipped":0,"pct":100},"branches":{"total":7,"covered":7,"skipped":0,"pct":100}}
}
